Using pre-set license
Built from '2021.3/staging' branch; Version is '2021.3.1f1 (3b70a0754835) revision 3895456'; Using compiler version '192829333'; Build Type 'Release'
OS: 'Windows 10  (10.0.19043) 64bit Core' Language: 'ja' Physical Memory: 16219 MB
BatchMode: 1, IsHumanControllingUs: 0, StartBugReporterOnCrash: 0, Is64bit: 1, IsPro: 1

COMMAND LINE ARGUMENTS:
C:\Program Files\2021.3.1f1\Editor\Unity.exe
-adb2
-batchMode
-noUpm
-name
AssetImportWorker3
-projectPath
C:/Git Hub/Gift from the War2.team/Gift From The War
-logFile
Logs/AssetImportWorker3.log
-srvPort
52871
Successfully changed project path to: C:/Git Hub/Gift from the War2.team/Gift From The War
C:/Git Hub/Gift from the War2.team/Gift From The War
[UnityMemory] Configuration Parameters - Can be set up in boot.config
    "memorysetup-bucket-allocator-granularity=16"
    "memorysetup-bucket-allocator-bucket-count=8"
    "memorysetup-bucket-allocator-block-size=33554432"
    "memorysetup-bucket-allocator-block-count=8"
    "memorysetup-main-allocator-block-size=16777216"
    "memorysetup-thread-allocator-block-size=16777216"
    "memorysetup-gfx-main-allocator-block-size=16777216"
    "memorysetup-gfx-thread-allocator-block-size=16777216"
    "memorysetup-cache-allocator-block-size=4194304"
    "memorysetup-typetree-allocator-block-size=2097152"
    "memorysetup-profiler-bucket-allocator-granularity=16"
    "memorysetup-profiler-bucket-allocator-bucket-count=8"
    "memorysetup-profiler-bucket-allocator-block-size=33554432"
    "memorysetup-profiler-bucket-allocator-block-count=8"
    "memorysetup-profiler-allocator-block-size=16777216"
    "memorysetup-profiler-editor-allocator-block-size=1048576"
    "memorysetup-temp-allocator-size-main=16777216"
    "memorysetup-job-temp-allocator-block-size=2097152"
    "memorysetup-job-temp-allocator-block-size-background=1048576"
    "memorysetup-job-temp-allocator-reduction-small-platforms=262144"
    "memorysetup-temp-allocator-size-background-worker=32768"
    "memorysetup-temp-allocator-size-job-worker=262144"
    "memorysetup-temp-allocator-size-preload-manager=33554432"
    "memorysetup-temp-allocator-size-nav-mesh-worker=65536"
    "memorysetup-temp-allocator-size-audio-worker=65536"
    "memorysetup-temp-allocator-size-cloud-worker=32768"
    "memorysetup-temp-allocator-size-gi-baking-worker=262144"
    "memorysetup-temp-allocator-size-gfx=262144"
Refreshing native plugins compatible for Editor in 43.72 ms, found 2 plugins.
Preloading 0 native plugins for Editor in 0.00 ms.
Initialize engine version: 2021.3.1f1 (3b70a0754835)
[Subsystems] Discovering subsystems at path C:/Program Files/2021.3.1f1/Editor/Data/Resources/UnitySubsystems
[Subsystems] Discovering subsystems at path C:/Git Hub/Gift from the War2.team/Gift From The War/Assets
GfxDevice: creating device client; threaded=0; jobified=0
Direct3D:
    Version:  Direct3D 11.0 [level 11.1]
    Renderer: NVIDIA GeForce RTX 2060 (ID=0x1f15)
    Vendor:   NVIDIA
    VRAM:     5980 MB
    Driver:   30.0.15.1179
Initialize mono
Mono path[0] = 'C:/Program Files/2021.3.1f1/Editor/Data/Managed'
Mono path[1] = 'C:/Program Files/2021.3.1f1/Editor/Data/MonoBleedingEdge/lib/mono/unityjit-win32'
Mono config path = 'C:/Program Files/2021.3.1f1/Editor/Data/MonoBleedingEdge/etc'
Using monoOptions --debugger-agent=transport=dt_socket,embedding=1,server=y,suspend=n,address=127.0.0.1:56872
Begin MonoManager ReloadAssembly
Registering precompiled unity dll's ...
Register platform support module: C:/Program Files/2021.3.1f1/Editor/Data/PlaybackEngines/WebGLSupport/UnityEditor.WebGL.Extensions.dll
Register platform support module: C:/Program Files/2021.3.1f1/Editor/Data/PlaybackEngines/WindowsStandaloneSupport/UnityEditor.WindowsStandalone.Extensions.dll
Registered in 0.008027 seconds.
Native extension for WindowsStandalone target not found
Native extension for WebGL target not found
Refreshing native plugins compatible for Editor in 36.10 ms, found 2 plugins.
Preloading 0 native plugins for Editor in 0.00 ms.
Mono: successfully reloaded assembly
- Completed reload, in  0.774 seconds
Domain Reload Profiling:
	ReloadAssembly (774ms)
		BeginReloadAssembly (104ms)
			ExecutionOrderSort (0ms)
			DisableScriptedObjects (0ms)
			BackupInstance (0ms)
			ReleaseScriptingObjects (0ms)
			CreateAndSetChildDomain (1ms)
		EndReloadAssembly (527ms)
			LoadAssemblies (100ms)
			RebuildTransferFunctionScriptingTraits (0ms)
			SetupTypeCache (151ms)
			ReleaseScriptCaches (0ms)
			RebuildScriptCaches (42ms)
			SetupLoadedEditorAssemblies (270ms)
				LogAssemblyErrors (0ms)
				InitializePlatformSupportModulesInManaged (11ms)
				SetLoadedEditorAssemblies (0ms)
				RefreshPlugins (36ms)
				BeforeProcessingInitializeOnLoad (2ms)
				ProcessInitializeOnLoadAttributes (165ms)
				ProcessInitializeOnLoadMethodAttributes (55ms)
				AfterProcessingInitializeOnLoad (0ms)
				EditorAssembliesLoaded (0ms)
			ExecutionOrderSort2 (0ms)
			AwakeInstancesAfterBackupRestoration (0ms)
Platform modules already initialized, skipping
Registering precompiled user dll's ...
Registered in 0.003365 seconds.
Begin MonoManager ReloadAssembly
Symbol file LoadedFromMemory is not a mono symbol file
Native extension for WindowsStandalone target not found
Native extension for WebGL target not found
Refreshing native plugins compatible for Editor in 0.37 ms, found 2 plugins.
Preloading 0 native plugins for Editor in 0.00 ms.
Mono: successfully reloaded assembly
- Completed reload, in  0.901 seconds
Domain Reload Profiling:
	ReloadAssembly (902ms)
		BeginReloadAssembly (121ms)
			ExecutionOrderSort (0ms)
			DisableScriptedObjects (6ms)
			BackupInstance (0ms)
			ReleaseScriptingObjects (0ms)
			CreateAndSetChildDomain (21ms)
		EndReloadAssembly (659ms)
			LoadAssemblies (96ms)
			RebuildTransferFunctionScriptingTraits (0ms)
			SetupTypeCache (192ms)
			ReleaseScriptCaches (0ms)
			RebuildScriptCaches (48ms)
			SetupLoadedEditorAssemblies (297ms)
				LogAssemblyErrors (0ms)
				InitializePlatformSupportModulesInManaged (7ms)
				SetLoadedEditorAssemblies (0ms)
				RefreshPlugins (0ms)
				BeforeProcessingInitializeOnLoad (53ms)
				ProcessInitializeOnLoadAttributes (205ms)
				ProcessInitializeOnLoadMethodAttributes (23ms)
				AfterProcessingInitializeOnLoad (8ms)
				EditorAssembliesLoaded (0ms)
			ExecutionOrderSort2 (0ms)
			AwakeInstancesAfterBackupRestoration (5ms)
Platform modules already initialized, skipping
========================================================================
Worker process is ready to serve import requests
Launched and connected shader compiler UnityShaderCompiler.exe after 0.09 seconds
Refreshing native plugins compatible for Editor in 0.43 ms, found 2 plugins.
Preloading 0 native plugins for Editor in 0.00 ms.
Unloading 1862 Unused Serialized files (Serialized files now loaded: 0)
Unloading 42 unused Assets / (1.3 MB). Loaded Objects now: 2320.
Memory consumption went from 87.5 MB to 86.2 MB.
Total: 2.310200 ms (FindLiveObjects: 0.157300 ms CreateObjectMapping: 0.074400 ms MarkObjects: 1.864300 ms  DeleteObjects: 0.213500 ms)

AssetImportParameters requested are different than current active one (requested -> active):
  custom:video-decoder-ogg-theora: a1e56fd34408186e4bbccfd4996cb3dc -> 
  custom:container-muxer-webm: aa71ff27fc2769a1b78a27578f13a17b -> 
  custom:container-demuxer-webm: 4f35f7cbe854078d1ac9338744f61a02 -> 
  custom:video-encoder-webm-vp8: eb34c28f22e8b96e1ab97ce403110664 -> 
  custom:video-codec-MediaFoundation-h265: 746d11721c4dcdbdad8f713fa42b33f4 -> 
  custom:audio-encoder-webm-vorbis: bf7c407c2cedff20999df2af8eb42d56 -> 
  custom:framework-win-MediaFoundation: 216162199b28c13a410421893ffa2e32 -> 
  custom:container-demuxer-ogg: 62fdf1f143b41e24485cea50d1cbac27 -> 
  custom:video-decoder-webm-vp8: 9c59270c3fd7afecdb556c50c9e8de78 -> 
  custom:audio-decoder-ogg-vorbis: bf7c407c2cedff20999df2af8eb42d56 -> 
========================================================================
Received Prepare
Refreshing native plugins compatible for Editor in 3.10 ms, found 2 plugins.
Preloading 0 native plugins for Editor in 0.00 ms.
Unloading 23 Unused Serialized files (Serialized files now loaded: 0)
Unloading 23 unused Assets / (1.3 MB). Loaded Objects now: 2320.
Memory consumption went from 47.9 MB to 46.6 MB.
Total: 2.838300 ms (FindLiveObjects: 0.169900 ms CreateObjectMapping: 0.090700 ms MarkObjects: 2.344900 ms  DeleteObjects: 0.231700 ms)

AssetImportParameters requested are different than current active one (requested -> active):
  custom:video-decoder-ogg-theora: a1e56fd34408186e4bbccfd4996cb3dc -> 
  custom:container-muxer-webm: aa71ff27fc2769a1b78a27578f13a17b -> 
  custom:container-demuxer-webm: 4f35f7cbe854078d1ac9338744f61a02 -> 
  custom:video-encoder-webm-vp8: eb34c28f22e8b96e1ab97ce403110664 -> 
  custom:video-codec-MediaFoundation-h265: 746d11721c4dcdbdad8f713fa42b33f4 -> 
  custom:audio-encoder-webm-vorbis: bf7c407c2cedff20999df2af8eb42d56 -> 
  custom:framework-win-MediaFoundation: 216162199b28c13a410421893ffa2e32 -> 
  custom:SearchIndexIgnoredProperties: e643bd26f0fe6173181afceb89e7c659 -> 
  custom:container-demuxer-ogg: 62fdf1f143b41e24485cea50d1cbac27 -> 
  custom:video-decoder-webm-vp8: 9c59270c3fd7afecdb556c50c9e8de78 -> 
  custom:audio-decoder-ogg-vorbis: bf7c407c2cedff20999df2af8eb42d56 -> 
========================================================================
Received Import Request.
  Time since last request: 275843.875722 seconds.
  path: Assets/Title/Model/マテリアルテクスチャ/茶色スチールのマテリアルテクスチャ/Metal025_2K_NormalGL.jpg
  artifactKey: Guid(3a41e0b566940124e88448d63eb6c583) Importer(2089858483,934ff659095e30574adcf32a4c2f97b5)
Start importing Assets/Title/Model/マテリアルテクスチャ/茶色スチールのマテリアルテクスチャ/Metal025_2K_NormalGL.jpg using Guid(3a41e0b566940124e88448d63eb6c583) Importer(2089858483,934ff659095e30574adcf32a4c2f97b5) Generated GUIDs only implemented for interfaces!
 -> (artifact id: 'e7f61adc8edfdb90e851387a17a9c2d2') in 0.133341 seconds 
========================================================================
Received Import Request.
  Time since last request: 0.000028 seconds.
  path: Assets/Title/Model/マテリアルテクスチャ/銀色スチールのマテリアルテクスチャ/Metal024_PREVIEW.jpg
  artifactKey: Guid(ae090747fe19cf74eb418a4456853de8) Importer(2089858483,934ff659095e30574adcf32a4c2f97b5)
Start importing Assets/Title/Model/マテリアルテクスチャ/銀色スチールのマテリアルテクスチャ/Metal024_PREVIEW.jpg using Guid(ae090747fe19cf74eb418a4456853de8) Importer(2089858483,934ff659095e30574adcf32a4c2f97b5) Generated GUIDs only implemented for interfaces!
 -> (artifact id: 'cc0c6ef59d2448d894bf7fb5b0feece8') in 0.016503 seconds 
========================================================================
Received Import Request.
  Time since last request: 0.000034 seconds.
  path: Assets/Title/Model/マテリアルテクスチャ/Rock035_2K-JPG/Rock035_2K_Displacement.jpg
  artifactKey: Guid(e8a8b917bdcb7cb4a8c720ab689a3604) Importer(2089858483,934ff659095e30574adcf32a4c2f97b5)
Start importing Assets/Title/Model/マテリアルテクスチャ/Rock035_2K-JPG/Rock035_2K_Displacement.jpg using Guid(e8a8b917bdcb7cb4a8c720ab689a3604) Importer(2089858483,934ff659095e30574adcf32a4c2f97b5) Generated GUIDs only implemented for interfaces!
 -> (artifact id: '61f4c8cb31fab31858a1eb927a1a7e53') in 0.019948 seconds 
========================================================================
Received Import Request.
  Time since last request: 0.000053 seconds.
  path: Assets/Title/Model/マテリアルテクスチャ/木材のマテリアル用テクスチャ/Wood062_PREVIEW.jpg
  artifactKey: Guid(7ba6ecd03bc66274bb5a327859bc60db) Importer(2089858483,934ff659095e30574adcf32a4c2f97b5)
Start importing Assets/Title/Model/マテリアルテクスチャ/木材のマテリアル用テクスチャ/Wood062_PREVIEW.jpg using Guid(7ba6ecd03bc66274bb5a327859bc60db) Importer(2089858483,934ff659095e30574adcf32a4c2f97b5) Generated GUIDs only implemented for interfaces!
 -> (artifact id: 'f6a6a7e1ddf4b8493e35fa6d0b617298') in 0.014226 seconds 
========================================================================
Received Import Request.
  Time since last request: 0.000032 seconds.
  path: Assets/Title/Model/マテリアルテクスチャ/銀色スチールのマテリアルテクスチャ/Metal024_2K-JPG.usda
  artifactKey: Guid(d8836d40508897b42922e27962186b11) Importer(2089858483,934ff659095e30574adcf32a4c2f97b5)
Start importing Assets/Title/Model/マテリアルテクスチャ/銀色スチールのマテリアルテクスチャ/Metal024_2K-JPG.usda using Guid(d8836d40508897b42922e27962186b11) Importer(2089858483,934ff659095e30574adcf32a4c2f97b5) Generated GUIDs only implemented for interfaces!
 -> (artifact id: '0c25f4dd99ef272e98aa585381e93e83') in 0.014221 seconds 
========================================================================
Received Import Request.
  Time since last request: 0.000034 seconds.
  path: Assets/Title/Model/マテリアルテクスチャ/Rock029_2K-JPG/Rock029_2K_AmbientOcclusion.jpg
  artifactKey: Guid(07e481c53d3900948a4aa29ed803d09c) Importer(2089858483,934ff659095e30574adcf32a4c2f97b5)
Start importing Assets/Title/Model/マテリアルテクスチャ/Rock029_2K-JPG/Rock029_2K_AmbientOcclusion.jpg using Guid(07e481c53d3900948a4aa29ed803d09c) Importer(2089858483,934ff659095e30574adcf32a4c2f97b5) Generated GUIDs only implemented for interfaces!
 -> (artifact id: '97463c66726ae351560bf5de6e277c30') in 0.016033 seconds 
========================================================================
Received Import Request.
  Time since last request: 0.000023 seconds.
  path: Assets/Title/Model/マテリアルテクスチャ/茶色スチールのマテリアルテクスチャ/Metal025_2K-JPG.usda
  artifactKey: Guid(39a1cfc6e926e2c4d968ca803fdf876f) Importer(2089858483,934ff659095e30574adcf32a4c2f97b5)
Start importing Assets/Title/Model/マテリアルテクスチャ/茶色スチールのマテリアルテクスチャ/Metal025_2K-JPG.usda using Guid(39a1cfc6e926e2c4d968ca803fdf876f) Importer(2089858483,934ff659095e30574adcf32a4c2f97b5) Generated GUIDs only implemented for interfaces!
 -> (artifact id: 'c3622e258c3736fa43f3b8441cf2cbb0') in 0.011879 seconds 
========================================================================
Received Import Request.
  Time since last request: 0.000089 seconds.
  path: Assets/Title/Model/マテリアルテクスチャ/茶色スチールのマテリアルテクスチャ/Metal025_2K_NormalDX.jpg
  artifactKey: Guid(d7f6a56246b4cbc439fcc8fe0c6f3d4a) Importer(2089858483,934ff659095e30574adcf32a4c2f97b5)
Start importing Assets/Title/Model/マテリアルテクスチャ/茶色スチールのマテリアルテクスチャ/Metal025_2K_NormalDX.jpg using Guid(d7f6a56246b4cbc439fcc8fe0c6f3d4a) Importer(2089858483,934ff659095e30574adcf32a4c2f97b5) Generated GUIDs only implemented for interfaces!
 -> (artifact id: 'e3ac9c5e9b6c881765944b7d43f8d0a2') in 0.012525 seconds 
========================================================================
Received Import Request.
  Time since last request: 0.000032 seconds.
  path: Assets/Title/Model/マテリアルテクスチャ/Rock035_2K-JPG/Rock035_2K_Roughness.jpg
  artifactKey: Guid(b7586b0b43b9fa344a2ecc390cb96f0e) Importer(2089858483,934ff659095e30574adcf32a4c2f97b5)
Start importing Assets/Title/Model/マテリアルテクスチャ/Rock035_2K-JPG/Rock035_2K_Roughness.jpg using Guid(b7586b0b43b9fa344a2ecc390cb96f0e) Importer(2089858483,934ff659095e30574adcf32a4c2f97b5) Generated GUIDs only implemented for interfaces!
 -> (artifact id: 'f53f92aa891db10f94aa64066df82a3e') in 0.013017 seconds 
========================================================================
Received Import Request.
  Time since last request: 0.000025 seconds.
  path: Assets/Title/Model/マテリアルテクスチャ/Rock029_2K-JPG/Rock029_PREVIEW.jpg
  artifactKey: Guid(562ee48be28f99a4cab4d6de1c1d1980) Importer(2089858483,934ff659095e30574adcf32a4c2f97b5)
Start importing Assets/Title/Model/マテリアルテクスチャ/Rock029_2K-JPG/Rock029_PREVIEW.jpg using Guid(562ee48be28f99a4cab4d6de1c1d1980) Importer(2089858483,934ff659095e30574adcf32a4c2f97b5) Generated GUIDs only implemented for interfaces!
 -> (artifact id: 'c7bc2317bc3e1e28ea8f806898d02abf') in 0.011649 seconds 
========================================================================
Received Import Request.
  Time since last request: 0.000056 seconds.
  path: Assets/Title/Model/マテリアルテクスチャ/Rock029_2K-JPG
  artifactKey: Guid(129546a3ee63fef4cbfff04bc1a14f84) Importer(2089858483,934ff659095e30574adcf32a4c2f97b5)
Start importing Assets/Title/Model/マテリアルテクスチャ/Rock029_2K-JPG using Guid(129546a3ee63fef4cbfff04bc1a14f84) Importer(2089858483,934ff659095e30574adcf32a4c2f97b5) Generated GUIDs only implemented for interfaces!
 -> (artifact id: '7063b62524a6bc2fa2cde64beaff3544') in 0.009179 seconds 
========================================================================
Received Import Request.
  Time since last request: 0.000072 seconds.
  path: Assets/Title/Model/マテリアルテクスチャ/Rock030_2K-JPG/Rock030_2K-JPG.usda
  artifactKey: Guid(2ff138699fb3364459ce7ae82b7e7ce5) Importer(2089858483,934ff659095e30574adcf32a4c2f97b5)
Start importing Assets/Title/Model/マテリアルテクスチャ/Rock030_2K-JPG/Rock030_2K-JPG.usda using Guid(2ff138699fb3364459ce7ae82b7e7ce5) Importer(2089858483,934ff659095e30574adcf32a4c2f97b5) Generated GUIDs only implemented for interfaces!
 -> (artifact id: 'd6e8d014820add10f9bde2a27de5467c') in 0.010944 seconds 
========================================================================
Received Import Request.
  Time since last request: 0.000022 seconds.
  path: Assets/Title/Model/マテリアルテクスチャ/Rock029_2K-JPG/Rock029_2K_NormalGL.jpg
  artifactKey: Guid(833021d907e6b9a45802832335093e43) Importer(2089858483,934ff659095e30574adcf32a4c2f97b5)
Start importing Assets/Title/Model/マテリアルテクスチャ/Rock029_2K-JPG/Rock029_2K_NormalGL.jpg using Guid(833021d907e6b9a45802832335093e43) Importer(2089858483,934ff659095e30574adcf32a4c2f97b5) Generated GUIDs only implemented for interfaces!
 -> (artifact id: '24e1034225a08583ec34c574baaa6aea') in 0.013858 seconds 
========================================================================
Received Import Request.
  Time since last request: 0.000058 seconds.
  path: Assets/Title/Model/マテリアルテクスチャ/黒色レザーのマテリアルテクスチャ
  artifactKey: Guid(5b4cdf2cadb52624a94010dc5c10b028) Importer(2089858483,934ff659095e30574adcf32a4c2f97b5)
Start importing Assets/Title/Model/マテリアルテクスチャ/黒色レザーのマテリアルテクスチャ using Guid(5b4cdf2cadb52624a94010dc5c10b028) Importer(2089858483,934ff659095e30574adcf32a4c2f97b5) Generated GUIDs only implemented for interfaces!
 -> (artifact id: '1983ed933605d2b6557161af639aa26a') in 0.010934 seconds 
========================================================================
Received Import Request.
  Time since last request: 0.000026 seconds.
  path: Assets/Title/Model/マテリアルテクスチャ/黒色レザーのマテリアルテクスチャ/Leather026_2K-JPG.usda
  artifactKey: Guid(e448b113389dce64faf73525bb67a95f) Importer(2089858483,934ff659095e30574adcf32a4c2f97b5)
Start importing Assets/Title/Model/マテリアルテクスチャ/黒色レザーのマテリアルテクスチャ/Leather026_2K-JPG.usda using Guid(e448b113389dce64faf73525bb67a95f) Importer(2089858483,934ff659095e30574adcf32a4c2f97b5) Generated GUIDs only implemented for interfaces!
 -> (artifact id: '4f4f73989f41fa842451564882129868') in 0.009986 seconds 
========================================================================
Received Import Request.
  Time since last request: 0.000039 seconds.
  path: Assets/Title/Model/マテリアルテクスチャ/Rock029_2K-JPG/Rock029_2K-JPG.usda
  artifactKey: Guid(986b1342898659b4eb90bb54bd233f0f) Importer(2089858483,934ff659095e30574adcf32a4c2f97b5)
Start importing Assets/Title/Model/マテリアルテクスチャ/Rock029_2K-JPG/Rock029_2K-JPG.usda using Guid(986b1342898659b4eb90bb54bd233f0f) Importer(2089858483,934ff659095e30574adcf32a4c2f97b5) Generated GUIDs only implemented for interfaces!
 -> (artifact id: '77ce6db49809d49d34cdaca936aea8f8') in 0.009695 seconds 
========================================================================
Received Import Request.
  Time since last request: 0.000046 seconds.
  path: Assets/Title/Model/マテリアルテクスチャ/銀色スチールのマテリアルテクスチャ/Metal024_2K_Displacement.jpg
  artifactKey: Guid(6da768a3d07abd44cbd41de7196a5b51) Importer(2089858483,934ff659095e30574adcf32a4c2f97b5)
Start importing Assets/Title/Model/マテリアルテクスチャ/銀色スチールのマテリアルテクスチャ/Metal024_2K_Displacement.jpg using Guid(6da768a3d07abd44cbd41de7196a5b51) Importer(2089858483,934ff659095e30574adcf32a4c2f97b5) Generated GUIDs only implemented for interfaces!
 -> (artifact id: '29814aee84ca916a9fe3d30048ae1cba') in 0.013352 seconds 
========================================================================
Received Import Request.
  Time since last request: 0.000027 seconds.
  path: Assets/Title/Model/マテリアルテクスチャ/松明用木のマテリアル用テクスチャ/textures/bark_brown_02_rough_2k.jpg
  artifactKey: Guid(5fc8a7318b93335458238e10ce906cdc) Importer(2089858483,934ff659095e30574adcf32a4c2f97b5)
Start importing Assets/Title/Model/マテリアルテクスチャ/松明用木のマテリアル用テクスチャ/textures/bark_brown_02_rough_2k.jpg using Guid(5fc8a7318b93335458238e10ce906cdc) Importer(2089858483,934ff659095e30574adcf32a4c2f97b5) Generated GUIDs only implemented for interfaces!
 -> (artifact id: 'a45de4d518dfea706f39c914c9073d47') in 0.016312 seconds 
========================================================================
Received Import Request.
  Time since last request: 0.000023 seconds.
  path: Assets/Title/Model/マテリアルテクスチャ/茶色スチールのマテリアルテクスチャ
  artifactKey: Guid(73dd328c52dc3a84aadfb780ca060695) Importer(2089858483,934ff659095e30574adcf32a4c2f97b5)
Start importing Assets/Title/Model/マテリアルテクスチャ/茶色スチールのマテリアルテクスチャ using Guid(73dd328c52dc3a84aadfb780ca060695) Importer(2089858483,934ff659095e30574adcf32a4c2f97b5) Generated GUIDs only implemented for interfaces!
 -> (artifact id: 'e00f57811c30c09a5dd2b4ecc84b3316') in 0.011924 seconds 
========================================================================
Received Import Request.
  Time since last request: 0.000039 seconds.
  path: Assets/Title/Model/マテリアルテクスチャ/Rock035_2K-JPG/Rock035_PREVIEW.jpg
  artifactKey: Guid(f45302551efe72e4492fd4b23bd1527b) Importer(2089858483,934ff659095e30574adcf32a4c2f97b5)
Start importing Assets/Title/Model/マテリアルテクスチャ/Rock035_2K-JPG/Rock035_PREVIEW.jpg using Guid(f45302551efe72e4492fd4b23bd1527b) Importer(2089858483,934ff659095e30574adcf32a4c2f97b5) Generated GUIDs only implemented for interfaces!
 -> (artifact id: '346701a202d2cc0132e410d1dfca6fe9') in 0.010792 seconds 
========================================================================
Received Import Request.
  Time since last request: 0.000050 seconds.
  path: Assets/Title/Model/マテリアルテクスチャ/黒色レザーのマテリアルテクスチャ/Leather026_2K_Displacement.jpg
  artifactKey: Guid(c4a99a2ba293bce4d9560019a0173999) Importer(2089858483,934ff659095e30574adcf32a4c2f97b5)
Start importing Assets/Title/Model/マテリアルテクスチャ/黒色レザーのマテリアルテクスチャ/Leather026_2K_Displacement.jpg using Guid(c4a99a2ba293bce4d9560019a0173999) Importer(2089858483,934ff659095e30574adcf32a4c2f97b5) Generated GUIDs only implemented for interfaces!
 -> (artifact id: 'd4b8c3c55c666704accd9b022d7f2d75') in 0.013976 seconds 
========================================================================
Received Import Request.
  Time since last request: 0.000019 seconds.
  path: Assets/Title/Model/マテリアルテクスチャ/Rock029_2K-JPG/Rock029_2K_Roughness.jpg
  artifactKey: Guid(7ed57327061980c43b77dcf8a2f98540) Importer(2089858483,934ff659095e30574adcf32a4c2f97b5)
Start importing Assets/Title/Model/マテリアルテクスチャ/Rock029_2K-JPG/Rock029_2K_Roughness.jpg using Guid(7ed57327061980c43b77dcf8a2f98540) Importer(2089858483,934ff659095e30574adcf32a4c2f97b5) Generated GUIDs only implemented for interfaces!
 -> (artifact id: '5cd31d9250061cf9e75af64fa0bb4ef9') in 0.013232 seconds 
========================================================================
Received Import Request.
  Time since last request: 0.000032 seconds.
  path: Assets/Title/Model/マテリアルテクスチャ/黒色レザーのマテリアルテクスチャ/Leather026_2K_Color.jpg
  artifactKey: Guid(f1c8f99cecda9ba4b800e3b630c3f087) Importer(2089858483,934ff659095e30574adcf32a4c2f97b5)
Start importing Assets/Title/Model/マテリアルテクスチャ/黒色レザーのマテリアルテクスチャ/Leather026_2K_Color.jpg using Guid(f1c8f99cecda9ba4b800e3b630c3f087) Importer(2089858483,934ff659095e30574adcf32a4c2f97b5) Generated GUIDs only implemented for interfaces!
 -> (artifact id: 'e728813cb1f480ae0e2c8b0c54a62438') in 0.012312 seconds 
========================================================================
Received Import Request.
  Time since last request: 0.000025 seconds.
  path: Assets/Title/Model/マテリアルテクスチャ/Rock035_2K-JPG/Rock035_2K_Color.jpg
  artifactKey: Guid(72f18b3e6dc943f45b5e58170193fd74) Importer(2089858483,934ff659095e30574adcf32a4c2f97b5)
Start importing Assets/Title/Model/マテリアルテクスチャ/Rock035_2K-JPG/Rock035_2K_Color.jpg using Guid(72f18b3e6dc943f45b5e58170193fd74) Importer(2089858483,934ff659095e30574adcf32a4c2f97b5) Generated GUIDs only implemented for interfaces!
 -> (artifact id: '694fd0f69346a17527f952f4ec64f6ea') in 0.012570 seconds 
========================================================================
Received Import Request.
  Time since last request: 0.000033 seconds.
  path: Assets/Title/Model/マテリアルテクスチャ/Rock030_2K-JPG/Rock030_2K-JPG.usdc
  artifactKey: Guid(89fd4426ea3882c4895fe08c457dd4ca) Importer(2089858483,934ff659095e30574adcf32a4c2f97b5)
Start importing Assets/Title/Model/マテリアルテクスチャ/Rock030_2K-JPG/Rock030_2K-JPG.usdc using Guid(89fd4426ea3882c4895fe08c457dd4ca) Importer(2089858483,934ff659095e30574adcf32a4c2f97b5) Generated GUIDs only implemented for interfaces!
 -> (artifact id: 'f6d529e52be86c502d5c0c665c8f398c') in 0.009695 seconds 
========================================================================
Received Import Request.
  Time since last request: 0.000082 seconds.
  path: Assets/Title/Model/マテリアルテクスチャ/Rock030_2K-JPG/Rock030_2K_NormalDX.jpg
  artifactKey: Guid(96cbb8c3bae35224e989b338e14430ed) Importer(2089858483,934ff659095e30574adcf32a4c2f97b5)
Start importing Assets/Title/Model/マテリアルテクスチャ/Rock030_2K-JPG/Rock030_2K_NormalDX.jpg using Guid(96cbb8c3bae35224e989b338e14430ed) Importer(2089858483,934ff659095e30574adcf32a4c2f97b5) Generated GUIDs only implemented for interfaces!
 -> (artifact id: '0d57cb2529d71cbc5fc9eaf74e40420b') in 0.012644 seconds 
========================================================================
Received Import Request.
  Time since last request: 0.000019 seconds.
  path: Assets/Title/Model/マテリアルテクスチャ/Wood062_2K-JPG.zip
  artifactKey: Guid(22da8e0f705818e45a04e8f099a831c8) Importer(2089858483,934ff659095e30574adcf32a4c2f97b5)
Start importing Assets/Title/Model/マテリアルテクスチャ/Wood062_2K-JPG.zip using Guid(22da8e0f705818e45a04e8f099a831c8) Importer(2089858483,934ff659095e30574adcf32a4c2f97b5) Generated GUIDs only implemented for interfaces!
 -> (artifact id: '3b9dd161548f7bcee26b375e492f4368') in 0.009674 seconds 
========================================================================
Received Import Request.
  Time since last request: 0.000022 seconds.
  path: Assets/Title/Model/マテリアルテクスチャ/銀色スチールのマテリアルテクスチャ
  artifactKey: Guid(d634de22c1ccb9e40bda0aec85ee18f2) Importer(2089858483,934ff659095e30574adcf32a4c2f97b5)
Start importing Assets/Title/Model/マテリアルテクスチャ/銀色スチールのマテリアルテクスチャ using Guid(d634de22c1ccb9e40bda0aec85ee18f2) Importer(2089858483,934ff659095e30574adcf32a4c2f97b5) Generated GUIDs only implemented for interfaces!
 -> (artifact id: '1df6444c4fde6f7bc4fa3224bb14db0f') in 0.011071 seconds 
========================================================================
Received Import Request.
  Time since last request: 0.000023 seconds.
  path: Assets/Title/Model/マテリアルテクスチャ/茶色スチールのマテリアルテクスチャ/Metal025_2K_Roughness.jpg
  artifactKey: Guid(9455459ad7142a14c8d41f4518823428) Importer(2089858483,934ff659095e30574adcf32a4c2f97b5)
Start importing Assets/Title/Model/マテリアルテクスチャ/茶色スチールのマテリアルテクスチャ/Metal025_2K_Roughness.jpg using Guid(9455459ad7142a14c8d41f4518823428) Importer(2089858483,934ff659095e30574adcf32a4c2f97b5) Generated GUIDs only implemented for interfaces!
 -> (artifact id: '601440fc04373a0a6f24c20fe950290d') in 0.013315 seconds 
========================================================================
Received Import Request.
  Time since last request: 0.000017 seconds.
  path: Assets/Title/Model/マテリアルテクスチャ/Rock035_2K-JPG
  artifactKey: Guid(3203bf2e2526a3044975695a2b1aa6e5) Importer(2089858483,934ff659095e30574adcf32a4c2f97b5)
Start importing Assets/Title/Model/マテリアルテクスチャ/Rock035_2K-JPG using Guid(3203bf2e2526a3044975695a2b1aa6e5) Importer(2089858483,934ff659095e30574adcf32a4c2f97b5) Generated GUIDs only implemented for interfaces!
 -> (artifact id: '1ea58bd109c542889e8dba940ada4dd1') in 0.009153 seconds 
========================================================================
Received Import Request.
  Time since last request: 0.000018 seconds.
  path: Assets/Title/Model/マテリアルテクスチャ/黒色レザーのマテリアルテクスチャ/Leather026_2K_NormalGL.jpg
  artifactKey: Guid(cbda625cb058dc14db441bb0ed8fe221) Importer(2089858483,934ff659095e30574adcf32a4c2f97b5)
Start importing Assets/Title/Model/マテリアルテクスチャ/黒色レザーのマテリアルテクスチャ/Leather026_2K_NormalGL.jpg using Guid(cbda625cb058dc14db441bb0ed8fe221) Importer(2089858483,934ff659095e30574adcf32a4c2f97b5) Generated GUIDs only implemented for interfaces!
 -> (artifact id: '62933571778ea7495b0dcbaaabda9ab6') in 0.012870 seconds 
========================================================================
Received Import Request.
  Time since last request: 0.000017 seconds.
  path: Assets/Title/Model/マテリアルテクスチャ/Rock030_2K-JPG/Rock030_2K_Color.jpg
  artifactKey: Guid(22bec1775489efd48949939ad4ee86d2) Importer(2089858483,934ff659095e30574adcf32a4c2f97b5)
Start importing Assets/Title/Model/マテリアルテクスチャ/Rock030_2K-JPG/Rock030_2K_Color.jpg using Guid(22bec1775489efd48949939ad4ee86d2) Importer(2089858483,934ff659095e30574adcf32a4c2f97b5) Generated GUIDs only implemented for interfaces!
 -> (artifact id: 'c1f483fd9df960ce9f0041ccc67ec830') in 0.010157 seconds 
========================================================================
Received Import Request.
  Time since last request: 0.000023 seconds.
  path: Assets/Title/Model/マテリアルテクスチャ/Rock035_2K-JPG/Rock035_2K_NormalDX.jpg
  artifactKey: Guid(0d1959d685344394a868f7a3fe9e2ce8) Importer(2089858483,934ff659095e30574adcf32a4c2f97b5)
Start importing Assets/Title/Model/マテリアルテクスチャ/Rock035_2K-JPG/Rock035_2K_NormalDX.jpg using Guid(0d1959d685344394a868f7a3fe9e2ce8) Importer(2089858483,934ff659095e30574adcf32a4c2f97b5) Generated GUIDs only implemented for interfaces!
 -> (artifact id: '373c5d9e22c600e97980834b08c529d0') in 0.013587 seconds 
========================================================================
Received Import Request.
  Time since last request: 0.000029 seconds.
  path: Assets/Title/Model/マテリアルテクスチャ/松明用木のマテリアル用テクスチャ/bark_brown_02_2k.blend
  artifactKey: Guid(7521ed9bad1095f43839f39a88078718) Importer(2089858483,934ff659095e30574adcf32a4c2f97b5)
Start importing Assets/Title/Model/マテリアルテクスチャ/松明用木のマテリアル用テクスチャ/bark_brown_02_2k.blend using Guid(7521ed9bad1095f43839f39a88078718) Importer(2089858483,934ff659095e30574adcf32a4c2f97b5) Generated GUIDs only implemented for interfaces!
 -> (artifact id: '08e34dd412a2fd2e4b6ecfb9186b2bc0') in 0.029024 seconds 
========================================================================
Received Import Request.
  Time since last request: 0.000015 seconds.
  path: Assets/Title/Model/マテリアルテクスチャ/木材のマテリアル用テクスチャ
  artifactKey: Guid(aed7bf4e683da13469f669e42ac8f8f0) Importer(2089858483,934ff659095e30574adcf32a4c2f97b5)
Start importing Assets/Title/Model/マテリアルテクスチャ/木材のマテリアル用テクスチャ using Guid(aed7bf4e683da13469f669e42ac8f8f0) Importer(2089858483,934ff659095e30574adcf32a4c2f97b5) Generated GUIDs only implemented for interfaces!
 -> (artifact id: 'db617d89a66f242514c7e8ee889229d0') in 0.010798 seconds 
========================================================================
Received Import Request.
  Time since last request: 0.000020 seconds.
  path: Assets/Title/Model/マテリアルテクスチャ/Rock030_2K-JPG
  artifactKey: Guid(d9b636fac9bfbc94c8e9f8db125b15ab) Importer(2089858483,934ff659095e30574adcf32a4c2f97b5)
Start importing Assets/Title/Model/マテリアルテクスチャ/Rock030_2K-JPG using Guid(d9b636fac9bfbc94c8e9f8db125b15ab) Importer(2089858483,934ff659095e30574adcf32a4c2f97b5) Generated GUIDs only implemented for interfaces!
 -> (artifact id: 'ff68082a0870ff5681c1c32a9beefe07') in 0.010392 seconds 
========================================================================
Received Import Request.
  Time since last request: 0.000026 seconds.
  path: Assets/Title/Model/マテリアルテクスチャ/茶色スチールのマテリアルテクスチャ/Metal025_2K_Displacement.jpg
  artifactKey: Guid(e4a41e9f69f07f7469044c125625475a) Importer(2089858483,934ff659095e30574adcf32a4c2f97b5)
Start importing Assets/Title/Model/マテリアルテクスチャ/茶色スチールのマテリアルテクスチャ/Metal025_2K_Displacement.jpg using Guid(e4a41e9f69f07f7469044c125625475a) Importer(2089858483,934ff659095e30574adcf32a4c2f97b5) Generated GUIDs only implemented for interfaces!
 -> (artifact id: '3a3f7d284378d05fc42a664db48a6134') in 0.015042 seconds 
========================================================================
Received Import Request.
  Time since last request: 38.177471 seconds.
  path: Assets/Title/Model/Texture
  artifactKey: Guid(77b487b64baac2841b0753fd9e316bb2) Importer(2089858483,934ff659095e30574adcf32a4c2f97b5)
Start importing Assets/Title/Model/Texture using Guid(77b487b64baac2841b0753fd9e316bb2) Importer(2089858483,934ff659095e30574adcf32a4c2f97b5) Generated GUIDs only implemented for interfaces!
 -> (artifact id: 'cea1b639579bb006b16b82eb3de52833') in 0.010519 seconds 
========================================================================
Received Import Request.
  Time since last request: 0.000016 seconds.
  path: Assets/Title/Model/Texture/銀色スチールのマテリアルテクスチャ/Metal024_2K_NormalDX.jpg
  artifactKey: Guid(a6d86a89157eef74bb8d7841498ed6e6) Importer(2089858483,934ff659095e30574adcf32a4c2f97b5)
Start importing Assets/Title/Model/Texture/銀色スチールのマテリアルテクスチャ/Metal024_2K_NormalDX.jpg using Guid(a6d86a89157eef74bb8d7841498ed6e6) Importer(2089858483,934ff659095e30574adcf32a4c2f97b5) Generated GUIDs only implemented for interfaces!
 -> (artifact id: '88c6626f646a0577d30534d9df5b444b') in 0.012631 seconds 
========================================================================
Received Import Request.
  Time since last request: 0.000045 seconds.
  path: Assets/Title/Model/Texture/銀色スチールのマテリアルテクスチャ/Metal024_2K_NormalGL.jpg
  artifactKey: Guid(6cc774f5baeb3964685436df20ae9af5) Importer(2089858483,934ff659095e30574adcf32a4c2f97b5)
Start importing Assets/Title/Model/Texture/銀色スチールのマテリアルテクスチャ/Metal024_2K_NormalGL.jpg using Guid(6cc774f5baeb3964685436df20ae9af5) Importer(2089858483,934ff659095e30574adcf32a4c2f97b5) Generated GUIDs only implemented for interfaces!
 -> (artifact id: 'c9ee3e911870ad1da993aaa514fd27e4') in 0.011260 seconds 
========================================================================
Received Import Request.
  Time since last request: 0.000021 seconds.
  path: Assets/Title/Model/Texture/Rock035_2K-JPG/Rock035_2K_NormalGL.jpg
  artifactKey: Guid(577ce817f65f9f349877fef166b9d97b) Importer(2089858483,934ff659095e30574adcf32a4c2f97b5)
Start importing Assets/Title/Model/Texture/Rock035_2K-JPG/Rock035_2K_NormalGL.jpg using Guid(577ce817f65f9f349877fef166b9d97b) Importer(2089858483,934ff659095e30574adcf32a4c2f97b5) Generated GUIDs only implemented for interfaces!
 -> (artifact id: 'b8debc90739d3088066523a16f80cdba') in 0.012132 seconds 
========================================================================
Received Import Request.
  Time since last request: 0.000025 seconds.
  path: Assets/Title/Model/Texture/Rock030_2K-JPG/Rock030_2K_NormalGL.jpg
  artifactKey: Guid(73b8642783ecb71478d7f8a4eb4084b1) Importer(2089858483,934ff659095e30574adcf32a4c2f97b5)
Start importing Assets/Title/Model/Texture/Rock030_2K-JPG/Rock030_2K_NormalGL.jpg using Guid(73b8642783ecb71478d7f8a4eb4084b1) Importer(2089858483,934ff659095e30574adcf32a4c2f97b5) Generated GUIDs only implemented for interfaces!
 -> (artifact id: '38ac969115b6b45d2d718e49e1fbdeaa') in 0.015000 seconds 
========================================================================
Received Import Request.
  Time since last request: 0.000019 seconds.
  path: Assets/Title/Model/Texture/黒色レザーのマテリアルテクスチャ/Leather026_PREVIEW.jpg
  artifactKey: Guid(106b8de13097b56438a88e687bca0838) Importer(2089858483,934ff659095e30574adcf32a4c2f97b5)
Start importing Assets/Title/Model/Texture/黒色レザーのマテリアルテクスチャ/Leather026_PREVIEW.jpg using Guid(106b8de13097b56438a88e687bca0838) Importer(2089858483,934ff659095e30574adcf32a4c2f97b5) Generated GUIDs only implemented for interfaces!
 -> (artifact id: '97f9dc1f9f282c85e1f5048617d554fb') in 0.011322 seconds 
========================================================================
Received Import Request.
  Time since last request: 0.000030 seconds.
  path: Assets/Title/Model/Texture/Rock030_2K-JPG/Rock030_2K_Displacement.jpg
  artifactKey: Guid(0aed4486d1a66074e89991252872e8dc) Importer(2089858483,934ff659095e30574adcf32a4c2f97b5)
Start importing Assets/Title/Model/Texture/Rock030_2K-JPG/Rock030_2K_Displacement.jpg using Guid(0aed4486d1a66074e89991252872e8dc) Importer(2089858483,934ff659095e30574adcf32a4c2f97b5) Generated GUIDs only implemented for interfaces!
 -> (artifact id: 'c91c702e8871637a33ea3fab889f6613') in 0.019703 seconds 
========================================================================
Received Import Request.
  Time since last request: 0.000032 seconds.
  path: Assets/Title/Model/Texture/Rock029_2K-JPG/Rock029_2K_Displacement.jpg
  artifactKey: Guid(1b2fb05025d321e42b4260b5b05cc027) Importer(2089858483,934ff659095e30574adcf32a4c2f97b5)
Start importing Assets/Title/Model/Texture/Rock029_2K-JPG/Rock029_2K_Displacement.jpg using Guid(1b2fb05025d321e42b4260b5b05cc027) Importer(2089858483,934ff659095e30574adcf32a4c2f97b5) Generated GUIDs only implemented for interfaces!
 -> (artifact id: '8d3077304fbb8ebf11f9067f23f8ea48') in 0.016136 seconds 
========================================================================
Received Import Request.
  Time since last request: 0.000018 seconds.
  path: Assets/Title/Model/Texture/茶色スチールのマテリアルテクスチャ/Metal025_2K_NormalDX.jpg
  artifactKey: Guid(d7f6a56246b4cbc439fcc8fe0c6f3d4a) Importer(2089858483,934ff659095e30574adcf32a4c2f97b5)
Start importing Assets/Title/Model/Texture/茶色スチールのマテリアルテクスチャ/Metal025_2K_NormalDX.jpg using Guid(d7f6a56246b4cbc439fcc8fe0c6f3d4a) Importer(2089858483,934ff659095e30574adcf32a4c2f97b5) Generated GUIDs only implemented for interfaces!
 -> (artifact id: '46c02b3a13bbfea08ac659a01a13d981') in 0.021143 seconds 
========================================================================
Received Import Request.
  Time since last request: 0.000025 seconds.
  path: Assets/Title/Model/Texture/茶色スチールのマテリアルテクスチャ/Metal025_2K_NormalGL.jpg
  artifactKey: Guid(3a41e0b566940124e88448d63eb6c583) Importer(2089858483,934ff659095e30574adcf32a4c2f97b5)
Start importing Assets/Title/Model/Texture/茶色スチールのマテリアルテクスチャ/Metal025_2K_NormalGL.jpg using Guid(3a41e0b566940124e88448d63eb6c583) Importer(2089858483,934ff659095e30574adcf32a4c2f97b5) Generated GUIDs only implemented for interfaces!
 -> (artifact id: 'b1247d5798bef62d6c9d94c50331bb0d') in 0.014349 seconds 
========================================================================
Received Import Request.
  Time since last request: 0.000031 seconds.
  path: Assets/Title/Model/Texture/Rock030_2K-JPG/Rock030_2K_AmbientOcclusion.jpg
  artifactKey: Guid(baac267366c58bb4591d32c73b81afbe) Importer(2089858483,934ff659095e30574adcf32a4c2f97b5)
Start importing Assets/Title/Model/Texture/Rock030_2K-JPG/Rock030_2K_AmbientOcclusion.jpg using Guid(baac267366c58bb4591d32c73b81afbe) Importer(2089858483,934ff659095e30574adcf32a4c2f97b5) Generated GUIDs only implemented for interfaces!
 -> (artifact id: '460d44b0cc2a6ecb54dc94ffa4b5524f') in 0.011642 seconds 
========================================================================
Received Import Request.
  Time since last request: 0.000072 seconds.
  path: Assets/Title/Model/Texture/Rock029_2K-JPG/Rock029_2K_NormalDX.jpg
  artifactKey: Guid(d4c63e52a1d799a4e8e16ba53a082c45) Importer(2089858483,934ff659095e30574adcf32a4c2f97b5)
Start importing Assets/Title/Model/Texture/Rock029_2K-JPG/Rock029_2K_NormalDX.jpg using Guid(d4c63e52a1d799a4e8e16ba53a082c45) Importer(2089858483,934ff659095e30574adcf32a4c2f97b5) Generated GUIDs only implemented for interfaces!
 -> (artifact id: '488e631279c6eb40e9299ee65ad51855') in 0.015804 seconds 
========================================================================
Received Import Request.
  Time since last request: 0.000026 seconds.
  path: Assets/Title/Model/Texture/Rock029_2K-JPG/Rock029_2K-JPG.usda
  artifactKey: Guid(986b1342898659b4eb90bb54bd233f0f) Importer(2089858483,934ff659095e30574adcf32a4c2f97b5)
Start importing Assets/Title/Model/Texture/Rock029_2K-JPG/Rock029_2K-JPG.usda using Guid(986b1342898659b4eb90bb54bd233f0f) Importer(2089858483,934ff659095e30574adcf32a4c2f97b5) Generated GUIDs only implemented for interfaces!
 -> (artifact id: '6db09fd69125523c8abe7dbea015c61b') in 0.011248 seconds 
========================================================================
Received Import Request.
  Time since last request: 0.000027 seconds.
  path: Assets/Title/Model/Texture/松明用木のマテリアル用テクスチャ/textures/bark_brown_02_rough_2k.jpg
  artifactKey: Guid(5fc8a7318b93335458238e10ce906cdc) Importer(2089858483,934ff659095e30574adcf32a4c2f97b5)
Start importing Assets/Title/Model/Texture/松明用木のマテリアル用テクスチャ/textures/bark_brown_02_rough_2k.jpg using Guid(5fc8a7318b93335458238e10ce906cdc) Importer(2089858483,934ff659095e30574adcf32a4c2f97b5) Generated GUIDs only implemented for interfaces!
 -> (artifact id: '2287e7da36c5a11a1bd604c45d5e4e8c') in 0.017058 seconds 
========================================================================
Received Import Request.
  Time since last request: 0.000022 seconds.
  path: Assets/Title/Model/Texture/松明用木のマテリアル用テクスチャ/textures/bark_brown_02_nor_gl_2k.exr
  artifactKey: Guid(7c9223d5fe34d894492fc9a018c2d25a) Importer(2089858483,934ff659095e30574adcf32a4c2f97b5)
Start importing Assets/Title/Model/Texture/松明用木のマテリアル用テクスチャ/textures/bark_brown_02_nor_gl_2k.exr using Guid(7c9223d5fe34d894492fc9a018c2d25a) Importer(2089858483,934ff659095e30574adcf32a4c2f97b5) Generated GUIDs only implemented for interfaces!
 -> (artifact id: '82a8ad120fa1923efa8067e771a00810') in 0.019025 seconds 
========================================================================
Received Import Request.
  Time since last request: 0.000023 seconds.
  path: Assets/Title/Model/Texture/銀色スチールのマテリアルテクスチャ/Metal024_2K_Color.jpg
  artifactKey: Guid(6c566db8b62e44c40b060d44d16e74f9) Importer(2089858483,934ff659095e30574adcf32a4c2f97b5)
Start importing Assets/Title/Model/Texture/銀色スチールのマテリアルテクスチャ/Metal024_2K_Color.jpg using Guid(6c566db8b62e44c40b060d44d16e74f9) Importer(2089858483,934ff659095e30574adcf32a4c2f97b5) Generated GUIDs only implemented for interfaces!
 -> (artifact id: '37c308e57a6102967a01176a208fa0f2') in 0.014812 seconds 
========================================================================
Received Import Request.
  Time since last request: 0.000018 seconds.
  path: Assets/Title/Model/Texture/茶色スチールのマテリアルテクスチャ/Metal025_2K-JPG.usdc
  artifactKey: Guid(158df501eeaae61439bcc36fe9930170) Importer(2089858483,934ff659095e30574adcf32a4c2f97b5)
Start importing Assets/Title/Model/Texture/茶色スチールのマテリアルテクスチャ/Metal025_2K-JPG.usdc using Guid(158df501eeaae61439bcc36fe9930170) Importer(2089858483,934ff659095e30574adcf32a4c2f97b5) Generated GUIDs only implemented for interfaces!
 -> (artifact id: '76e351e3e02885b3beea146bce060e17') in 0.010788 seconds 
========================================================================
Received Import Request.
  Time since last request: 0.000018 seconds.
  path: Assets/Title/Model/Texture/Rock030_2K-JPG/Rock030_2K_NormalDX.jpg
  artifactKey: Guid(96cbb8c3bae35224e989b338e14430ed) Importer(2089858483,934ff659095e30574adcf32a4c2f97b5)
Start importing Assets/Title/Model/Texture/Rock030_2K-JPG/Rock030_2K_NormalDX.jpg using Guid(96cbb8c3bae35224e989b338e14430ed) Importer(2089858483,934ff659095e30574adcf32a4c2f97b5) Generated GUIDs only implemented for interfaces!
 -> (artifact id: 'a70e51fcbbba108c3c3be940c574fe73') in 0.015161 seconds 
========================================================================
Received Import Request.
  Time since last request: 0.000018 seconds.
  path: Assets/Title/Model/Texture/木材のマテリアル用テクスチャ/Wood062_2K_NormalGL.jpg
  artifactKey: Guid(f79eac1be7502d34a9e1355da5426b60) Importer(2089858483,934ff659095e30574adcf32a4c2f97b5)
Start importing Assets/Title/Model/Texture/木材のマテリアル用テクスチャ/Wood062_2K_NormalGL.jpg using Guid(f79eac1be7502d34a9e1355da5426b60) Importer(2089858483,934ff659095e30574adcf32a4c2f97b5) Generated GUIDs only implemented for interfaces!
 -> (artifact id: '5df63d89cf0c79b7144cb79dac11f032') in 0.015305 seconds 
========================================================================
Received Import Request.
  Time since last request: 0.000024 seconds.
  path: Assets/Title/Model/Texture/松明用木のマテリアル用テクスチャ/textures/bark_brown_02_disp_2k.png
  artifactKey: Guid(2e5ed680a39b6a944a757aeba6840328) Importer(2089858483,934ff659095e30574adcf32a4c2f97b5)
Start importing Assets/Title/Model/Texture/松明用木のマテリアル用テクスチャ/textures/bark_brown_02_disp_2k.png using Guid(2e5ed680a39b6a944a757aeba6840328) Importer(2089858483,934ff659095e30574adcf32a4c2f97b5) Generated GUIDs only implemented for interfaces!
 -> (artifact id: '6efc6dd6d7081ba7e2ce5db686dd87f0') in 0.010840 seconds 
========================================================================
Received Import Request.
  Time since last request: 0.000051 seconds.
  path: Assets/Title/Model/Texture/木材のマテリアル用テクスチャ
  artifactKey: Guid(aed7bf4e683da13469f669e42ac8f8f0) Importer(2089858483,934ff659095e30574adcf32a4c2f97b5)
Start importing Assets/Title/Model/Texture/木材のマテリアル用テクスチャ using Guid(aed7bf4e683da13469f669e42ac8f8f0) Importer(2089858483,934ff659095e30574adcf32a4c2f97b5) Generated GUIDs only implemented for interfaces!
 -> (artifact id: '38ff32ed109b471cc0822a958b419a27') in 0.008943 seconds 
========================================================================
Received Import Request.
  Time since last request: 0.000017 seconds.
  path: Assets/Title/Model/Texture/Rock030_2K-JPG
  artifactKey: Guid(d9b636fac9bfbc94c8e9f8db125b15ab) Importer(2089858483,934ff659095e30574adcf32a4c2f97b5)
Start importing Assets/Title/Model/Texture/Rock030_2K-JPG using Guid(d9b636fac9bfbc94c8e9f8db125b15ab) Importer(2089858483,934ff659095e30574adcf32a4c2f97b5) Generated GUIDs only implemented for interfaces!
 -> (artifact id: '17eceffc5955995bad39d3325d0961e9') in 0.008630 seconds 
Editor requested this worker to shutdown with reason: Scaling down because of idle timeout
AssetImportWorker is now disconnected from the server
Process exiting
Exiting without the bug reporter. Application will terminate with return code 0