Using pre-set license
Built from '2021.3/staging' branch; Version is '2021.3.1f1 (3b70a0754835) revision 3895456'; Using compiler version '192829333'; Build Type 'Release'
OS: 'Windows 10  (10.0.19043) 64bit Core' Language: 'ja' Physical Memory: 16219 MB
BatchMode: 1, IsHumanControllingUs: 0, StartBugReporterOnCrash: 0, Is64bit: 1, IsPro: 1

COMMAND LINE ARGUMENTS:
C:\Program Files\2021.3.1f1\Editor\Unity.exe
-adb2
-batchMode
-noUpm
-name
AssetImportWorker5
-projectPath
C:/Git Hub/Gift from the War2.team/Gift From The War
-logFile
Logs/AssetImportWorker5.log
-srvPort
52871
Successfully changed project path to: C:/Git Hub/Gift from the War2.team/Gift From The War
C:/Git Hub/Gift from the War2.team/Gift From The War
[UnityMemory] Configuration Parameters - Can be set up in boot.config
    "memorysetup-bucket-allocator-granularity=16"
    "memorysetup-bucket-allocator-bucket-count=8"
    "memorysetup-bucket-allocator-block-size=33554432"
    "memorysetup-bucket-allocator-block-count=8"
    "memorysetup-main-allocator-block-size=16777216"
    "memorysetup-thread-allocator-block-size=16777216"
    "memorysetup-gfx-main-allocator-block-size=16777216"
    "memorysetup-gfx-thread-allocator-block-size=16777216"
    "memorysetup-cache-allocator-block-size=4194304"
    "memorysetup-typetree-allocator-block-size=2097152"
    "memorysetup-profiler-bucket-allocator-granularity=16"
    "memorysetup-profiler-bucket-allocator-bucket-count=8"
    "memorysetup-profiler-bucket-allocator-block-size=33554432"
    "memorysetup-profiler-bucket-allocator-block-count=8"
    "memorysetup-profiler-allocator-block-size=16777216"
    "memorysetup-profiler-editor-allocator-block-size=1048576"
    "memorysetup-temp-allocator-size-main=16777216"
    "memorysetup-job-temp-allocator-block-size=2097152"
    "memorysetup-job-temp-allocator-block-size-background=1048576"
    "memorysetup-job-temp-allocator-reduction-small-platforms=262144"
    "memorysetup-temp-allocator-size-background-worker=32768"
    "memorysetup-temp-allocator-size-job-worker=262144"
    "memorysetup-temp-allocator-size-preload-manager=33554432"
    "memorysetup-temp-allocator-size-nav-mesh-worker=65536"
    "memorysetup-temp-allocator-size-audio-worker=65536"
    "memorysetup-temp-allocator-size-cloud-worker=32768"
    "memorysetup-temp-allocator-size-gi-baking-worker=262144"
    "memorysetup-temp-allocator-size-gfx=262144"
Refreshing native plugins compatible for Editor in 31.53 ms, found 2 plugins.
Preloading 0 native plugins for Editor in 0.00 ms.
Initialize engine version: 2021.3.1f1 (3b70a0754835)
[Subsystems] Discovering subsystems at path C:/Program Files/2021.3.1f1/Editor/Data/Resources/UnitySubsystems
[Subsystems] Discovering subsystems at path C:/Git Hub/Gift from the War2.team/Gift From The War/Assets
GfxDevice: creating device client; threaded=0; jobified=0
Direct3D:
    Version:  Direct3D 11.0 [level 11.1]
    Renderer: NVIDIA GeForce RTX 2060 (ID=0x1f15)
    Vendor:   NVIDIA
    VRAM:     5980 MB
    Driver:   30.0.15.1179
Initialize mono
Mono path[0] = 'C:/Program Files/2021.3.1f1/Editor/Data/Managed'
Mono path[1] = 'C:/Program Files/2021.3.1f1/Editor/Data/MonoBleedingEdge/lib/mono/unityjit-win32'
Mono config path = 'C:/Program Files/2021.3.1f1/Editor/Data/MonoBleedingEdge/etc'
Using monoOptions --debugger-agent=transport=dt_socket,embedding=1,server=y,suspend=n,address=127.0.0.1:56756
Begin MonoManager ReloadAssembly
Registering precompiled unity dll's ...
Register platform support module: C:/Program Files/2021.3.1f1/Editor/Data/PlaybackEngines/WebGLSupport/UnityEditor.WebGL.Extensions.dll
Register platform support module: C:/Program Files/2021.3.1f1/Editor/Data/PlaybackEngines/WindowsStandaloneSupport/UnityEditor.WindowsStandalone.Extensions.dll
Registered in 0.006341 seconds.
Native extension for WindowsStandalone target not found
Native extension for WebGL target not found
Refreshing native plugins compatible for Editor in 30.39 ms, found 2 plugins.
Preloading 0 native plugins for Editor in 0.00 ms.
Mono: successfully reloaded assembly
- Completed reload, in  0.618 seconds
Domain Reload Profiling:
	ReloadAssembly (619ms)
		BeginReloadAssembly (106ms)
			ExecutionOrderSort (0ms)
			DisableScriptedObjects (0ms)
			BackupInstance (0ms)
			ReleaseScriptingObjects (0ms)
			CreateAndSetChildDomain (1ms)
		EndReloadAssembly (393ms)
			LoadAssemblies (104ms)
			RebuildTransferFunctionScriptingTraits (0ms)
			SetupTypeCache (107ms)
			ReleaseScriptCaches (0ms)
			RebuildScriptCaches (28ms)
			SetupLoadedEditorAssemblies (207ms)
				LogAssemblyErrors (0ms)
				InitializePlatformSupportModulesInManaged (9ms)
				SetLoadedEditorAssemblies (0ms)
				RefreshPlugins (31ms)
				BeforeProcessingInitializeOnLoad (1ms)
				ProcessInitializeOnLoadAttributes (122ms)
				ProcessInitializeOnLoadMethodAttributes (45ms)
				AfterProcessingInitializeOnLoad (0ms)
				EditorAssembliesLoaded (0ms)
			ExecutionOrderSort2 (0ms)
			AwakeInstancesAfterBackupRestoration (0ms)
Platform modules already initialized, skipping
Registering precompiled user dll's ...
Registered in 0.003783 seconds.
Begin MonoManager ReloadAssembly
Symbol file LoadedFromMemory is not a mono symbol file
Native extension for WindowsStandalone target not found
Native extension for WebGL target not found
Refreshing native plugins compatible for Editor in 0.41 ms, found 2 plugins.
Preloading 0 native plugins for Editor in 0.00 ms.
Mono: successfully reloaded assembly
- Completed reload, in  0.827 seconds
Domain Reload Profiling:
	ReloadAssembly (827ms)
		BeginReloadAssembly (104ms)
			ExecutionOrderSort (0ms)
			DisableScriptedObjects (6ms)
			BackupInstance (0ms)
			ReleaseScriptingObjects (0ms)
			CreateAndSetChildDomain (17ms)
		EndReloadAssembly (611ms)
			LoadAssemblies (75ms)
			RebuildTransferFunctionScriptingTraits (0ms)
			SetupTypeCache (166ms)
			ReleaseScriptCaches (0ms)
			RebuildScriptCaches (47ms)
			SetupLoadedEditorAssemblies (289ms)
				LogAssemblyErrors (0ms)
				InitializePlatformSupportModulesInManaged (6ms)
				SetLoadedEditorAssemblies (0ms)
				RefreshPlugins (0ms)
				BeforeProcessingInitializeOnLoad (52ms)
				ProcessInitializeOnLoadAttributes (201ms)
				ProcessInitializeOnLoadMethodAttributes (22ms)
				AfterProcessingInitializeOnLoad (8ms)
				EditorAssembliesLoaded (0ms)
			ExecutionOrderSort2 (0ms)
			AwakeInstancesAfterBackupRestoration (5ms)
Platform modules already initialized, skipping
========================================================================
Worker process is ready to serve import requests
Launched and connected shader compiler UnityShaderCompiler.exe after 0.06 seconds
Refreshing native plugins compatible for Editor in 0.36 ms, found 2 plugins.
Preloading 0 native plugins for Editor in 0.00 ms.
Unloading 1862 Unused Serialized files (Serialized files now loaded: 0)
Unloading 42 unused Assets / (1.3 MB). Loaded Objects now: 2320.
Memory consumption went from 87.5 MB to 86.2 MB.
Total: 2.313100 ms (FindLiveObjects: 0.149800 ms CreateObjectMapping: 0.080000 ms MarkObjects: 1.873000 ms  DeleteObjects: 0.209800 ms)

AssetImportParameters requested are different than current active one (requested -> active):
  custom:video-decoder-ogg-theora: a1e56fd34408186e4bbccfd4996cb3dc -> 
  custom:container-muxer-webm: aa71ff27fc2769a1b78a27578f13a17b -> 
  custom:container-demuxer-webm: 4f35f7cbe854078d1ac9338744f61a02 -> 
  custom:video-encoder-webm-vp8: eb34c28f22e8b96e1ab97ce403110664 -> 
  custom:video-codec-MediaFoundation-h265: 746d11721c4dcdbdad8f713fa42b33f4 -> 
  custom:audio-encoder-webm-vorbis: bf7c407c2cedff20999df2af8eb42d56 -> 
  custom:framework-win-MediaFoundation: 216162199b28c13a410421893ffa2e32 -> 
  custom:SearchIndexIgnoredProperties: e643bd26f0fe6173181afceb89e7c659 -> 
  custom:container-demuxer-ogg: 62fdf1f143b41e24485cea50d1cbac27 -> 
  custom:video-decoder-webm-vp8: 9c59270c3fd7afecdb556c50c9e8de78 -> 
  custom:audio-decoder-ogg-vorbis: bf7c407c2cedff20999df2af8eb42d56 -> 
========================================================================
Received Import Request.
  Time since last request: 275882.800966 seconds.
  path: Assets/Title/Model/Texture/銀色スチールのマテリアルテクスチャ
  artifactKey: Guid(d634de22c1ccb9e40bda0aec85ee18f2) Importer(2089858483,934ff659095e30574adcf32a4c2f97b5)
Start importing Assets/Title/Model/Texture/銀色スチールのマテリアルテクスチャ using Guid(d634de22c1ccb9e40bda0aec85ee18f2) Importer(2089858483,934ff659095e30574adcf32a4c2f97b5) Generated GUIDs only implemented for interfaces!
 -> (artifact id: 'a9121bbef38826fbc807b0be5aebf683') in 0.104989 seconds 
========================================================================
Received Import Request.
  Time since last request: 0.000026 seconds.
  path: Assets/Title/Model/Texture/茶色スチールのマテリアルテクスチャ/Metal025_PREVIEW.jpg
  artifactKey: Guid(184e4bf8cb22e3f42b28e0ef731c1317) Importer(2089858483,934ff659095e30574adcf32a4c2f97b5)
Start importing Assets/Title/Model/Texture/茶色スチールのマテリアルテクスチャ/Metal025_PREVIEW.jpg using Guid(184e4bf8cb22e3f42b28e0ef731c1317) Importer(2089858483,934ff659095e30574adcf32a4c2f97b5) Generated GUIDs only implemented for interfaces!
 -> (artifact id: '1e1a4b82d26b8e4585101bebaa1b4374') in 0.049942 seconds 
========================================================================
Received Import Request.
  Time since last request: 0.000025 seconds.
  path: Assets/Title/Model/Texture/Rock035_2K-JPG/Rock035_2K_Roughness.jpg
  artifactKey: Guid(b7586b0b43b9fa344a2ecc390cb96f0e) Importer(2089858483,934ff659095e30574adcf32a4c2f97b5)
Start importing Assets/Title/Model/Texture/Rock035_2K-JPG/Rock035_2K_Roughness.jpg using Guid(b7586b0b43b9fa344a2ecc390cb96f0e) Importer(2089858483,934ff659095e30574adcf32a4c2f97b5) Generated GUIDs only implemented for interfaces!
 -> (artifact id: 'b14a847a9082328a4293d76e39c6c329') in 0.020890 seconds 
========================================================================
Received Import Request.
  Time since last request: 0.000034 seconds.
  path: Assets/Title/Model/Texture/Rock030_2K-JPG/Rock030_2K-JPG.usda
  artifactKey: Guid(2ff138699fb3364459ce7ae82b7e7ce5) Importer(2089858483,934ff659095e30574adcf32a4c2f97b5)
Start importing Assets/Title/Model/Texture/Rock030_2K-JPG/Rock030_2K-JPG.usda using Guid(2ff138699fb3364459ce7ae82b7e7ce5) Importer(2089858483,934ff659095e30574adcf32a4c2f97b5) Generated GUIDs only implemented for interfaces!
 -> (artifact id: '81bd2b3ba9d41d4bd234c42c19c6d43e') in 0.009771 seconds 
========================================================================
Received Import Request.
  Time since last request: 0.000073 seconds.
  path: Assets/Title/Model/Texture/茶色スチールのマテリアルテクスチャ/Metal025_2K_Color.jpg
  artifactKey: Guid(0bf4604b035e7fe438eb7ac1941c1399) Importer(2089858483,934ff659095e30574adcf32a4c2f97b5)
Start importing Assets/Title/Model/Texture/茶色スチールのマテリアルテクスチャ/Metal025_2K_Color.jpg using Guid(0bf4604b035e7fe438eb7ac1941c1399) Importer(2089858483,934ff659095e30574adcf32a4c2f97b5) Generated GUIDs only implemented for interfaces!
 -> (artifact id: '621095243979b7c2d07df774177c762b') in 0.021528 seconds 
========================================================================
Received Import Request.
  Time since last request: 0.000045 seconds.
  path: Assets/Title/Model/Texture/木材のマテリアル用テクスチャ/Wood062_2K-JPG.usdc
  artifactKey: Guid(7706ede23cf2cfa469a75b70ece61791) Importer(2089858483,934ff659095e30574adcf32a4c2f97b5)
Start importing Assets/Title/Model/Texture/木材のマテリアル用テクスチャ/Wood062_2K-JPG.usdc using Guid(7706ede23cf2cfa469a75b70ece61791) Importer(2089858483,934ff659095e30574adcf32a4c2f97b5) Generated GUIDs only implemented for interfaces!
 -> (artifact id: 'a431b483a006dac75f691de09474b5a4') in 0.011291 seconds 
========================================================================
Received Import Request.
  Time since last request: 0.000035 seconds.
  path: Assets/Title/Model/Texture/黒色レザーのマテリアルテクスチャ/Leather026_2K_Roughness.jpg
  artifactKey: Guid(3185b2a8a4632714aabb12c884927d5b) Importer(2089858483,934ff659095e30574adcf32a4c2f97b5)
Start importing Assets/Title/Model/Texture/黒色レザーのマテリアルテクスチャ/Leather026_2K_Roughness.jpg using Guid(3185b2a8a4632714aabb12c884927d5b) Importer(2089858483,934ff659095e30574adcf32a4c2f97b5) Generated GUIDs only implemented for interfaces!
 -> (artifact id: 'f70c4f82b9e34ab2466823756a58c54f') in 0.016416 seconds 
========================================================================
Received Import Request.
  Time since last request: 0.000033 seconds.
  path: Assets/Title/Model/Texture/Rock035_2K-JPG/Rock035_PREVIEW.jpg
  artifactKey: Guid(f45302551efe72e4492fd4b23bd1527b) Importer(2089858483,934ff659095e30574adcf32a4c2f97b5)
Start importing Assets/Title/Model/Texture/Rock035_2K-JPG/Rock035_PREVIEW.jpg using Guid(f45302551efe72e4492fd4b23bd1527b) Importer(2089858483,934ff659095e30574adcf32a4c2f97b5) Generated GUIDs only implemented for interfaces!
 -> (artifact id: '793a591b1fbd71791f900215c29f02de') in 0.012127 seconds 
========================================================================
Received Import Request.
  Time since last request: 0.000034 seconds.
  path: Assets/Title/Model/Texture/Rock029_2K-JPG/Rock029_2K_Roughness.jpg
  artifactKey: Guid(7ed57327061980c43b77dcf8a2f98540) Importer(2089858483,934ff659095e30574adcf32a4c2f97b5)
Start importing Assets/Title/Model/Texture/Rock029_2K-JPG/Rock029_2K_Roughness.jpg using Guid(7ed57327061980c43b77dcf8a2f98540) Importer(2089858483,934ff659095e30574adcf32a4c2f97b5) Generated GUIDs only implemented for interfaces!
 -> (artifact id: 'ef7953bce532dc5a12566783de6c488e') in 0.015545 seconds 
========================================================================
Received Import Request.
  Time since last request: 0.000067 seconds.
  path: Assets/Title/Model/Texture/Rock030_2K-JPG/Rock030_2K-JPG.usdc
  artifactKey: Guid(89fd4426ea3882c4895fe08c457dd4ca) Importer(2089858483,934ff659095e30574adcf32a4c2f97b5)
Start importing Assets/Title/Model/Texture/Rock030_2K-JPG/Rock030_2K-JPG.usdc using Guid(89fd4426ea3882c4895fe08c457dd4ca) Importer(2089858483,934ff659095e30574adcf32a4c2f97b5) Generated GUIDs only implemented for interfaces!
 -> (artifact id: '89266a8cbb52d751bd05bf62381b60f9') in 0.011917 seconds 
========================================================================
Received Import Request.
  Time since last request: 0.000019 seconds.
  path: Assets/Title/Model/Texture/銀色スチールのマテリアルテクスチャ/Metal024_2K_Metalness.jpg
  artifactKey: Guid(ebea35077670ec44486b232306944afe) Importer(2089858483,934ff659095e30574adcf32a4c2f97b5)
Start importing Assets/Title/Model/Texture/銀色スチールのマテリアルテクスチャ/Metal024_2K_Metalness.jpg using Guid(ebea35077670ec44486b232306944afe) Importer(2089858483,934ff659095e30574adcf32a4c2f97b5) Generated GUIDs only implemented for interfaces!
 -> (artifact id: '5d54f1c7b11d7de46e39d34364f01558') in 0.013659 seconds 
========================================================================
Received Import Request.
  Time since last request: 0.000025 seconds.
  path: Assets/Title/Model/Texture/茶色スチールのマテリアルテクスチャ/Metal025_2K_Roughness.jpg
  artifactKey: Guid(9455459ad7142a14c8d41f4518823428) Importer(2089858483,934ff659095e30574adcf32a4c2f97b5)
Start importing Assets/Title/Model/Texture/茶色スチールのマテリアルテクスチャ/Metal025_2K_Roughness.jpg using Guid(9455459ad7142a14c8d41f4518823428) Importer(2089858483,934ff659095e30574adcf32a4c2f97b5) Generated GUIDs only implemented for interfaces!
 -> (artifact id: 'd7b6305902875105b9b2ca903fbd3ea7') in 0.015922 seconds 
========================================================================
Received Import Request.
  Time since last request: 0.000016 seconds.
  path: Assets/Title/Model/Texture/Rock035_2K-JPG/Rock035_2K_NormalDX.jpg
  artifactKey: Guid(0d1959d685344394a868f7a3fe9e2ce8) Importer(2089858483,934ff659095e30574adcf32a4c2f97b5)
Start importing Assets/Title/Model/Texture/Rock035_2K-JPG/Rock035_2K_NormalDX.jpg using Guid(0d1959d685344394a868f7a3fe9e2ce8) Importer(2089858483,934ff659095e30574adcf32a4c2f97b5) Generated GUIDs only implemented for interfaces!
 -> (artifact id: '4a5a2c13fb5d79832391f01a1073ff83') in 0.011217 seconds 
========================================================================
Received Import Request.
  Time since last request: 0.000020 seconds.
  path: Assets/Title/Model/Texture/銀色スチールのマテリアルテクスチャ/Metal024_2K_Roughness.jpg
  artifactKey: Guid(e1b1391d313954c428733b2b4609d7f7) Importer(2089858483,934ff659095e30574adcf32a4c2f97b5)
Start importing Assets/Title/Model/Texture/銀色スチールのマテリアルテクスチャ/Metal024_2K_Roughness.jpg using Guid(e1b1391d313954c428733b2b4609d7f7) Importer(2089858483,934ff659095e30574adcf32a4c2f97b5) Generated GUIDs only implemented for interfaces!
 -> (artifact id: '7e2cee5e7eb38f0d932bacc40541af0d') in 0.011374 seconds 
========================================================================
Received Import Request.
  Time since last request: 0.000024 seconds.
  path: Assets/Title/Model/Texture/黒色レザーのマテリアルテクスチャ/Leather026_2K_NormalDX.jpg
  artifactKey: Guid(8dfd939c610815447956107fba03064c) Importer(2089858483,934ff659095e30574adcf32a4c2f97b5)
Start importing Assets/Title/Model/Texture/黒色レザーのマテリアルテクスチャ/Leather026_2K_NormalDX.jpg using Guid(8dfd939c610815447956107fba03064c) Importer(2089858483,934ff659095e30574adcf32a4c2f97b5) Generated GUIDs only implemented for interfaces!
 -> (artifact id: 'e3eba43e0fe917d8780d4dbdfcca66a5') in 0.008961 seconds 
Editor requested this worker to shutdown with reason: Scaling down because of idle timeout
AssetImportWorker is now disconnected from the server
Process exiting
Exiting without the bug reporter. Application will terminate with return code 0