Using pre-set license
Built from '2021.3/staging' branch; Version is '2021.3.1f1 (3b70a0754835) revision 3895456'; Using compiler version '192829333'; Build Type 'Release'
OS: 'Windows 10  (10.0.19043) 64bit Core' Language: 'ja' Physical Memory: 16219 MB
BatchMode: 1, IsHumanControllingUs: 0, StartBugReporterOnCrash: 0, Is64bit: 1, IsPro: 1

COMMAND LINE ARGUMENTS:
C:\Program Files\2021.3.1f1\Editor\Unity.exe
-adb2
-batchMode
-noUpm
-name
AssetImportWorker2
-projectPath
C:/Git Hub/Gift from the War2.team/Gift From The War
-logFile
Logs/AssetImportWorker2.log
-srvPort
57249
Successfully changed project path to: C:/Git Hub/Gift from the War2.team/Gift From The War
C:/Git Hub/Gift from the War2.team/Gift From The War
[UnityMemory] Configuration Parameters - Can be set up in boot.config
    "memorysetup-bucket-allocator-granularity=16"
    "memorysetup-bucket-allocator-bucket-count=8"
    "memorysetup-bucket-allocator-block-size=33554432"
    "memorysetup-bucket-allocator-block-count=8"
    "memorysetup-main-allocator-block-size=16777216"
    "memorysetup-thread-allocator-block-size=16777216"
    "memorysetup-gfx-main-allocator-block-size=16777216"
    "memorysetup-gfx-thread-allocator-block-size=16777216"
    "memorysetup-cache-allocator-block-size=4194304"
    "memorysetup-typetree-allocator-block-size=2097152"
    "memorysetup-profiler-bucket-allocator-granularity=16"
    "memorysetup-profiler-bucket-allocator-bucket-count=8"
    "memorysetup-profiler-bucket-allocator-block-size=33554432"
    "memorysetup-profiler-bucket-allocator-block-count=8"
    "memorysetup-profiler-allocator-block-size=16777216"
    "memorysetup-profiler-editor-allocator-block-size=1048576"
    "memorysetup-temp-allocator-size-main=16777216"
    "memorysetup-job-temp-allocator-block-size=2097152"
    "memorysetup-job-temp-allocator-block-size-background=1048576"
    "memorysetup-job-temp-allocator-reduction-small-platforms=262144"
    "memorysetup-temp-allocator-size-background-worker=32768"
    "memorysetup-temp-allocator-size-job-worker=262144"
    "memorysetup-temp-allocator-size-preload-manager=33554432"
    "memorysetup-temp-allocator-size-nav-mesh-worker=65536"
    "memorysetup-temp-allocator-size-audio-worker=65536"
    "memorysetup-temp-allocator-size-cloud-worker=32768"
    "memorysetup-temp-allocator-size-gi-baking-worker=262144"
    "memorysetup-temp-allocator-size-gfx=262144"
Refreshing native plugins compatible for Editor in 26.18 ms, found 2 plugins.
Preloading 0 native plugins for Editor in 0.00 ms.
Initialize engine version: 2021.3.1f1 (3b70a0754835)
[Subsystems] Discovering subsystems at path C:/Program Files/2021.3.1f1/Editor/Data/Resources/UnitySubsystems
[Subsystems] Discovering subsystems at path C:/Git Hub/Gift from the War2.team/Gift From The War/Assets
GfxDevice: creating device client; threaded=0; jobified=0
Direct3D:
    Version:  Direct3D 11.0 [level 11.1]
    Renderer: NVIDIA GeForce RTX 2060 (ID=0x1f15)
    Vendor:   NVIDIA
    VRAM:     5980 MB
    Driver:   30.0.15.1179
Initialize mono
Mono path[0] = 'C:/Program Files/2021.3.1f1/Editor/Data/Managed'
Mono path[1] = 'C:/Program Files/2021.3.1f1/Editor/Data/MonoBleedingEdge/lib/mono/unityjit-win32'
Mono config path = 'C:/Program Files/2021.3.1f1/Editor/Data/MonoBleedingEdge/etc'
Using monoOptions --debugger-agent=transport=dt_socket,embedding=1,server=y,suspend=n,address=127.0.0.1:56920
Begin MonoManager ReloadAssembly
Registering precompiled unity dll's ...
Register platform support module: C:/Program Files/2021.3.1f1/Editor/Data/PlaybackEngines/WebGLSupport/UnityEditor.WebGL.Extensions.dll
Register platform support module: C:/Program Files/2021.3.1f1/Editor/Data/PlaybackEngines/WindowsStandaloneSupport/UnityEditor.WindowsStandalone.Extensions.dll
Registered in 0.008007 seconds.
Native extension for WindowsStandalone target not found
Native extension for WebGL target not found
Refreshing native plugins compatible for Editor in 22.53 ms, found 2 plugins.
Preloading 0 native plugins for Editor in 0.00 ms.
Mono: successfully reloaded assembly
- Completed reload, in  0.555 seconds
Domain Reload Profiling:
	ReloadAssembly (555ms)
		BeginReloadAssembly (78ms)
			ExecutionOrderSort (0ms)
			DisableScriptedObjects (0ms)
			BackupInstance (0ms)
			ReleaseScriptingObjects (0ms)
			CreateAndSetChildDomain (1ms)
		EndReloadAssembly (370ms)
			LoadAssemblies (75ms)
			RebuildTransferFunctionScriptingTraits (0ms)
			SetupTypeCache (101ms)
			ReleaseScriptCaches (0ms)
			RebuildScriptCaches (29ms)
			SetupLoadedEditorAssemblies (193ms)
				LogAssemblyErrors (0ms)
				InitializePlatformSupportModulesInManaged (8ms)
				SetLoadedEditorAssemblies (0ms)
				RefreshPlugins (23ms)
				BeforeProcessingInitializeOnLoad (1ms)
				ProcessInitializeOnLoadAttributes (115ms)
				ProcessInitializeOnLoadMethodAttributes (46ms)
				AfterProcessingInitializeOnLoad (0ms)
				EditorAssembliesLoaded (0ms)
			ExecutionOrderSort2 (0ms)
			AwakeInstancesAfterBackupRestoration (0ms)
Platform modules already initialized, skipping
Registering precompiled user dll's ...
Registered in 0.003528 seconds.
Begin MonoManager ReloadAssembly
Symbol file LoadedFromMemory is not a mono symbol file
Native extension for WindowsStandalone target not found
Native extension for WebGL target not found
Refreshing native plugins compatible for Editor in 0.30 ms, found 2 plugins.
Preloading 0 native plugins for Editor in 0.00 ms.
Mono: successfully reloaded assembly
- Completed reload, in  0.858 seconds
Domain Reload Profiling:
	ReloadAssembly (858ms)
		BeginReloadAssembly (127ms)
			ExecutionOrderSort (0ms)
			DisableScriptedObjects (6ms)
			BackupInstance (0ms)
			ReleaseScriptingObjects (0ms)
			CreateAndSetChildDomain (21ms)
		EndReloadAssembly (619ms)
			LoadAssemblies (91ms)
			RebuildTransferFunctionScriptingTraits (0ms)
			SetupTypeCache (159ms)
			ReleaseScriptCaches (0ms)
			RebuildScriptCaches (47ms)
			SetupLoadedEditorAssemblies (291ms)
				LogAssemblyErrors (0ms)
				InitializePlatformSupportModulesInManaged (6ms)
				SetLoadedEditorAssemblies (1ms)
				RefreshPlugins (0ms)
				BeforeProcessingInitializeOnLoad (51ms)
				ProcessInitializeOnLoadAttributes (204ms)
				ProcessInitializeOnLoadMethodAttributes (21ms)
				AfterProcessingInitializeOnLoad (7ms)
				EditorAssembliesLoaded (0ms)
			ExecutionOrderSort2 (0ms)
			AwakeInstancesAfterBackupRestoration (5ms)
Platform modules already initialized, skipping
========================================================================
Worker process is ready to serve import requests
Launched and connected shader compiler UnityShaderCompiler.exe after 0.09 seconds
Refreshing native plugins compatible for Editor in 0.63 ms, found 2 plugins.
Preloading 0 native plugins for Editor in 0.00 ms.
Unloading 1726 Unused Serialized files (Serialized files now loaded: 0)
Unloading 30 unused Assets / (121.2 KB). Loaded Objects now: 2195.
Memory consumption went from 76.1 MB to 76.0 MB.
Total: 3.817100 ms (FindLiveObjects: 0.200400 ms CreateObjectMapping: 0.137400 ms MarkObjects: 3.282600 ms  DeleteObjects: 0.195100 ms)

AssetImportParameters requested are different than current active one (requested -> active):
  custom:video-decoder-ogg-theora: a1e56fd34408186e4bbccfd4996cb3dc -> 
  custom:container-muxer-webm: aa71ff27fc2769a1b78a27578f13a17b -> 
  custom:container-demuxer-webm: 4f35f7cbe854078d1ac9338744f61a02 -> 
  custom:video-encoder-webm-vp8: eb34c28f22e8b96e1ab97ce403110664 -> 
  custom:video-codec-MediaFoundation-h265: 746d11721c4dcdbdad8f713fa42b33f4 -> 
  custom:audio-encoder-webm-vorbis: bf7c407c2cedff20999df2af8eb42d56 -> 
  custom:framework-win-MediaFoundation: 216162199b28c13a410421893ffa2e32 -> 
  custom:container-demuxer-ogg: 62fdf1f143b41e24485cea50d1cbac27 -> 
  custom:video-decoder-webm-vp8: 9c59270c3fd7afecdb556c50c9e8de78 -> 
  custom:audio-decoder-ogg-vorbis: bf7c407c2cedff20999df2af8eb42d56 -> 
========================================================================
Received Import Request.
  Time since last request: 94595.435035 seconds.
  path: Assets/Rantan/NewRantan.fbx
  artifactKey: Guid(2eef660bb4ef40d4b944b9b4bb372ab4) Importer(815301076,1909f56bfc062723c751e8b465ee728b)
Start importing Assets/Rantan/NewRantan.fbx using Guid(2eef660bb4ef40d4b944b9b4bb372ab4) Importer(815301076,1909f56bfc062723c751e8b465ee728b)  -> (artifact id: '4805fd294a8c7246644b985702748a2a') in 0.269453 seconds 
========================================================================
Received Prepare
Registering precompiled user dll's ...
Registered in 0.002815 seconds.
Begin MonoManager ReloadAssembly
Symbol file LoadedFromMemory is not a mono symbol file
Native extension for WindowsStandalone target not found
Native extension for WebGL target not found
Refreshing native plugins compatible for Editor in 0.44 ms, found 2 plugins.
Preloading 0 native plugins for Editor in 0.00 ms.
Mono: successfully reloaded assembly
- Completed reload, in  0.832 seconds
Domain Reload Profiling:
	ReloadAssembly (832ms)
		BeginReloadAssembly (112ms)
			ExecutionOrderSort (0ms)
			DisableScriptedObjects (4ms)
			BackupInstance (0ms)
			ReleaseScriptingObjects (0ms)
			CreateAndSetChildDomain (27ms)
		EndReloadAssembly (622ms)
			LoadAssemblies (82ms)
			RebuildTransferFunctionScriptingTraits (0ms)
			SetupTypeCache (164ms)
			ReleaseScriptCaches (1ms)
			RebuildScriptCaches (39ms)
			SetupLoadedEditorAssemblies (292ms)
				LogAssemblyErrors (0ms)
				InitializePlatformSupportModulesInManaged (14ms)
				SetLoadedEditorAssemblies (1ms)
				RefreshPlugins (1ms)
				BeforeProcessingInitializeOnLoad (49ms)
				ProcessInitializeOnLoadAttributes (198ms)
				ProcessInitializeOnLoadMethodAttributes (22ms)
				AfterProcessingInitializeOnLoad (8ms)
				EditorAssembliesLoaded (0ms)
			ExecutionOrderSort2 (0ms)
			AwakeInstancesAfterBackupRestoration (5ms)
Platform modules already initialized, skipping
Refreshing native plugins compatible for Editor in 2.47 ms, found 2 plugins.
Preloading 0 native plugins for Editor in 0.00 ms.
Unloading 1719 Unused Serialized files (Serialized files now loaded: 0)
Unloading 11 unused Assets / (95.3 KB). Loaded Objects now: 2253.
Memory consumption went from 80.0 MB to 79.9 MB.
Total: 3.832500 ms (FindLiveObjects: 0.308700 ms CreateObjectMapping: 0.147000 ms MarkObjects: 3.331300 ms  DeleteObjects: 0.043800 ms)

AssetImportParameters requested are different than current active one (requested -> active):
  custom:video-decoder-ogg-theora: a1e56fd34408186e4bbccfd4996cb3dc -> 
  custom:container-muxer-webm: aa71ff27fc2769a1b78a27578f13a17b -> 
  custom:container-demuxer-webm: 4f35f7cbe854078d1ac9338744f61a02 -> 
  custom:video-encoder-webm-vp8: eb34c28f22e8b96e1ab97ce403110664 -> 
  custom:video-codec-MediaFoundation-h265: 746d11721c4dcdbdad8f713fa42b33f4 -> 
  custom:audio-encoder-webm-vorbis: bf7c407c2cedff20999df2af8eb42d56 -> 
  custom:framework-win-MediaFoundation: 216162199b28c13a410421893ffa2e32 -> 
  custom:container-demuxer-ogg: 62fdf1f143b41e24485cea50d1cbac27 -> 
  custom:video-decoder-webm-vp8: 9c59270c3fd7afecdb556c50c9e8de78 -> 
  custom:audio-decoder-ogg-vorbis: bf7c407c2cedff20999df2af8eb42d56 -> 
========================================================================
Received Prepare
Registering precompiled user dll's ...
Registered in 0.003628 seconds.
Begin MonoManager ReloadAssembly
Symbol file LoadedFromMemory is not a mono symbol file
Native extension for WindowsStandalone target not found
Native extension for WebGL target not found
Refreshing native plugins compatible for Editor in 0.40 ms, found 2 plugins.
Preloading 0 native plugins for Editor in 0.00 ms.
Mono: successfully reloaded assembly
- Completed reload, in  0.894 seconds
Domain Reload Profiling:
	ReloadAssembly (895ms)
		BeginReloadAssembly (120ms)
			ExecutionOrderSort (0ms)
			DisableScriptedObjects (4ms)
			BackupInstance (0ms)
			ReleaseScriptingObjects (0ms)
			CreateAndSetChildDomain (27ms)
		EndReloadAssembly (671ms)
			LoadAssemblies (84ms)
			RebuildTransferFunctionScriptingTraits (0ms)
			SetupTypeCache (180ms)
			ReleaseScriptCaches (1ms)
			RebuildScriptCaches (42ms)
			SetupLoadedEditorAssemblies (325ms)
				LogAssemblyErrors (0ms)
				InitializePlatformSupportModulesInManaged (15ms)
				SetLoadedEditorAssemblies (0ms)
				RefreshPlugins (0ms)
				BeforeProcessingInitializeOnLoad (47ms)
				ProcessInitializeOnLoadAttributes (228ms)
				ProcessInitializeOnLoadMethodAttributes (26ms)
				AfterProcessingInitializeOnLoad (9ms)
				EditorAssembliesLoaded (0ms)
			ExecutionOrderSort2 (0ms)
			AwakeInstancesAfterBackupRestoration (6ms)
Platform modules already initialized, skipping
Refreshing native plugins compatible for Editor in 2.18 ms, found 2 plugins.
Preloading 0 native plugins for Editor in 0.00 ms.
Unloading 1719 Unused Serialized files (Serialized files now loaded: 0)
Unloading 11 unused Assets / (95.3 KB). Loaded Objects now: 2268.
Memory consumption went from 80.0 MB to 79.9 MB.
Total: 4.428200 ms (FindLiveObjects: 0.261100 ms CreateObjectMapping: 0.167400 ms MarkObjects: 3.962200 ms  DeleteObjects: 0.035500 ms)

AssetImportParameters requested are different than current active one (requested -> active):
  custom:video-decoder-ogg-theora: a1e56fd34408186e4bbccfd4996cb3dc -> 
  custom:container-muxer-webm: aa71ff27fc2769a1b78a27578f13a17b -> 
  custom:container-demuxer-webm: 4f35f7cbe854078d1ac9338744f61a02 -> 
  custom:video-encoder-webm-vp8: eb34c28f22e8b96e1ab97ce403110664 -> 
  custom:video-codec-MediaFoundation-h265: 746d11721c4dcdbdad8f713fa42b33f4 -> 
  custom:audio-encoder-webm-vorbis: bf7c407c2cedff20999df2af8eb42d56 -> 
  custom:framework-win-MediaFoundation: 216162199b28c13a410421893ffa2e32 -> 
  custom:container-demuxer-ogg: 62fdf1f143b41e24485cea50d1cbac27 -> 
  custom:video-decoder-webm-vp8: 9c59270c3fd7afecdb556c50c9e8de78 -> 
  custom:audio-decoder-ogg-vorbis: bf7c407c2cedff20999df2af8eb42d56 -> 
========================================================================
Received Prepare
Registering precompiled user dll's ...
Registered in 0.003199 seconds.
Begin MonoManager ReloadAssembly
Symbol file LoadedFromMemory is not a mono symbol file
Native extension for WindowsStandalone target not found
Native extension for WebGL target not found
Refreshing native plugins compatible for Editor in 0.36 ms, found 2 plugins.
Preloading 0 native plugins for Editor in 0.00 ms.
Mono: successfully reloaded assembly
- Completed reload, in  0.866 seconds
Domain Reload Profiling:
	ReloadAssembly (867ms)
		BeginReloadAssembly (124ms)
			ExecutionOrderSort (0ms)
			DisableScriptedObjects (4ms)
			BackupInstance (0ms)
			ReleaseScriptingObjects (0ms)
			CreateAndSetChildDomain (33ms)
		EndReloadAssembly (640ms)
			LoadAssemblies (79ms)
			RebuildTransferFunctionScriptingTraits (0ms)
			SetupTypeCache (168ms)
			ReleaseScriptCaches (1ms)
			RebuildScriptCaches (39ms)
			SetupLoadedEditorAssemblies (315ms)
				LogAssemblyErrors (0ms)
				InitializePlatformSupportModulesInManaged (14ms)
				SetLoadedEditorAssemblies (0ms)
				RefreshPlugins (0ms)
				BeforeProcessingInitializeOnLoad (49ms)
				ProcessInitializeOnLoadAttributes (215ms)
				ProcessInitializeOnLoadMethodAttributes (27ms)
				AfterProcessingInitializeOnLoad (9ms)
				EditorAssembliesLoaded (0ms)
			ExecutionOrderSort2 (0ms)
			AwakeInstancesAfterBackupRestoration (8ms)
Platform modules already initialized, skipping
Refreshing native plugins compatible for Editor in 2.12 ms, found 2 plugins.
Preloading 0 native plugins for Editor in 0.00 ms.
Unloading 1719 Unused Serialized files (Serialized files now loaded: 0)
Unloading 11 unused Assets / (95.3 KB). Loaded Objects now: 2283.
Memory consumption went from 80.0 MB to 79.9 MB.
Total: 4.189700 ms (FindLiveObjects: 0.265700 ms CreateObjectMapping: 0.166400 ms MarkObjects: 3.710300 ms  DeleteObjects: 0.045200 ms)

AssetImportParameters requested are different than current active one (requested -> active):
  custom:video-decoder-ogg-theora: a1e56fd34408186e4bbccfd4996cb3dc -> 
  custom:container-muxer-webm: aa71ff27fc2769a1b78a27578f13a17b -> 
  custom:container-demuxer-webm: 4f35f7cbe854078d1ac9338744f61a02 -> 
  custom:video-encoder-webm-vp8: eb34c28f22e8b96e1ab97ce403110664 -> 
  custom:video-codec-MediaFoundation-h265: 746d11721c4dcdbdad8f713fa42b33f4 -> 
  custom:audio-encoder-webm-vorbis: bf7c407c2cedff20999df2af8eb42d56 -> 
  custom:framework-win-MediaFoundation: 216162199b28c13a410421893ffa2e32 -> 
  custom:container-demuxer-ogg: 62fdf1f143b41e24485cea50d1cbac27 -> 
  custom:video-decoder-webm-vp8: 9c59270c3fd7afecdb556c50c9e8de78 -> 
  custom:audio-decoder-ogg-vorbis: bf7c407c2cedff20999df2af8eb42d56 -> 
========================================================================
Received Import Request.
  Time since last request: 571.640927 seconds.
  path: Assets/Rantan/Materials
  artifactKey: Guid(e120c58a0e547ea499a1aead0f26094e) Importer(815301076,1909f56bfc062723c751e8b465ee728b)
Start importing Assets/Rantan/Materials using Guid(e120c58a0e547ea499a1aead0f26094e) Importer(815301076,1909f56bfc062723c751e8b465ee728b)  -> (artifact id: '388a7e3d2bb123bd464560b3f4b7d270') in 0.009567 seconds 
========================================================================
Received Import Request.
  Time since last request: 0.019619 seconds.
  path: Assets/Rantan/Materials/ガラス.mat
  artifactKey: Guid(017148b1b47b78141bc85130384953ab) Importer(815301076,1909f56bfc062723c751e8b465ee728b)
Start importing Assets/Rantan/Materials/ガラス.mat using Guid(017148b1b47b78141bc85130384953ab) Importer(815301076,1909f56bfc062723c751e8b465ee728b)  -> (artifact id: 'a2947f0fb788b5043b6d934a18dc3bfa') in 0.078139 seconds 
========================================================================
Received Import Request.
  Time since last request: 0.000016 seconds.
  path: Assets/Rantan/Materials/ランタン2.mat
  artifactKey: Guid(58a72c1851a63664ab514630338b8f21) Importer(815301076,1909f56bfc062723c751e8b465ee728b)
Start importing Assets/Rantan/Materials/ランタン2.mat using Guid(58a72c1851a63664ab514630338b8f21) Importer(815301076,1909f56bfc062723c751e8b465ee728b)  -> (artifact id: 'b2b79746baa8f680ba07a3d72a3955a1') in 0.020084 seconds 
========================================================================
Received Import Request.
  Time since last request: 145.032497 seconds.
  path: Assets/Rantan/Materials/Fire.mat
  artifactKey: Guid(1297a1171b7382d499b21b908e9d3d5a) Importer(815301076,1909f56bfc062723c751e8b465ee728b)
Start importing Assets/Rantan/Materials/Fire.mat using Guid(1297a1171b7382d499b21b908e9d3d5a) Importer(815301076,1909f56bfc062723c751e8b465ee728b)  -> (artifact id: '9fa08ea9da17423f8cc8c97f0ee4277b') in 0.203287 seconds 
========================================================================
Received Import Request.
  Time since last request: 3.391982 seconds.
  path: Assets/Rantan/Materials/Rantan3.mat
  artifactKey: Guid(ef7d0be4b00615e4a9462044a430da61) Importer(815301076,1909f56bfc062723c751e8b465ee728b)
Start importing Assets/Rantan/Materials/Rantan3.mat using Guid(ef7d0be4b00615e4a9462044a430da61) Importer(815301076,1909f56bfc062723c751e8b465ee728b)  -> (artifact id: 'a636d9ba1b3fe67497e2ebe4abf4af45') in 0.012747 seconds 
========================================================================
Received Import Request.
  Time since last request: 17.895052 seconds.
  path: Assets/Rantan/Texture
  artifactKey: Guid(a88c050e9c0d20448a9ae6d12b88d819) Importer(815301076,1909f56bfc062723c751e8b465ee728b)
Start importing Assets/Rantan/Texture using Guid(a88c050e9c0d20448a9ae6d12b88d819) Importer(815301076,1909f56bfc062723c751e8b465ee728b)  -> (artifact id: '2441e916ecf7f9460b761719603a17ef') in 0.006233 seconds 
========================================================================
Received Prepare
Registering precompiled user dll's ...
Registered in 0.005763 seconds.
Begin MonoManager ReloadAssembly
Symbol file LoadedFromMemory is not a mono symbol file
Native extension for WindowsStandalone target not found
Native extension for WebGL target not found
Refreshing native plugins compatible for Editor in 0.32 ms, found 2 plugins.
Preloading 0 native plugins for Editor in 0.00 ms.
Mono: successfully reloaded assembly
- Completed reload, in  0.871 seconds
Domain Reload Profiling:
	ReloadAssembly (871ms)
		BeginReloadAssembly (127ms)
			ExecutionOrderSort (0ms)
			DisableScriptedObjects (4ms)
			BackupInstance (0ms)
			ReleaseScriptingObjects (0ms)
			CreateAndSetChildDomain (32ms)
		EndReloadAssembly (647ms)
			LoadAssemblies (87ms)
			RebuildTransferFunctionScriptingTraits (0ms)
			SetupTypeCache (170ms)
			ReleaseScriptCaches (1ms)
			RebuildScriptCaches (40ms)
			SetupLoadedEditorAssemblies (315ms)
				LogAssemblyErrors (0ms)
				InitializePlatformSupportModulesInManaged (13ms)
				SetLoadedEditorAssemblies (0ms)
				RefreshPlugins (0ms)
				BeforeProcessingInitializeOnLoad (45ms)
				ProcessInitializeOnLoadAttributes (220ms)
				ProcessInitializeOnLoadMethodAttributes (27ms)
				AfterProcessingInitializeOnLoad (9ms)
				EditorAssembliesLoaded (0ms)
			ExecutionOrderSort2 (0ms)
			AwakeInstancesAfterBackupRestoration (6ms)
Platform modules already initialized, skipping
Refreshing native plugins compatible for Editor in 1.32 ms, found 2 plugins.
Preloading 0 native plugins for Editor in 0.00 ms.
Unloading 1719 Unused Serialized files (Serialized files now loaded: 0)
Unloading 11 unused Assets / (95.4 KB). Loaded Objects now: 2298.
Memory consumption went from 80.1 MB to 80.0 MB.
Total: 4.359400 ms (FindLiveObjects: 0.261200 ms CreateObjectMapping: 0.135800 ms MarkObjects: 3.909600 ms  DeleteObjects: 0.051000 ms)

AssetImportParameters requested are different than current active one (requested -> active):
  custom:video-decoder-ogg-theora: a1e56fd34408186e4bbccfd4996cb3dc -> 
  custom:container-muxer-webm: aa71ff27fc2769a1b78a27578f13a17b -> 
  custom:container-demuxer-webm: 4f35f7cbe854078d1ac9338744f61a02 -> 
  custom:video-encoder-webm-vp8: eb34c28f22e8b96e1ab97ce403110664 -> 
  custom:video-codec-MediaFoundation-h265: 746d11721c4dcdbdad8f713fa42b33f4 -> 
  custom:audio-encoder-webm-vorbis: bf7c407c2cedff20999df2af8eb42d56 -> 
  custom:framework-win-MediaFoundation: 216162199b28c13a410421893ffa2e32 -> 
  custom:container-demuxer-ogg: 62fdf1f143b41e24485cea50d1cbac27 -> 
  custom:video-decoder-webm-vp8: 9c59270c3fd7afecdb556c50c9e8de78 -> 
  custom:audio-decoder-ogg-vorbis: bf7c407c2cedff20999df2af8eb42d56 -> 
========================================================================
Received Import Request.
  Time since last request: 60.104712 seconds.
  path: Assets/Rantan/Texture/fire.png
  artifactKey: Guid(cecddfec68bf4af4aa88573e2b321d21) Importer(815301076,1909f56bfc062723c751e8b465ee728b)
Start importing Assets/Rantan/Texture/fire.png using Guid(cecddfec68bf4af4aa88573e2b321d21) Importer(815301076,1909f56bfc062723c751e8b465ee728b)  -> (artifact id: '8d568d2b127a56f75762b0469f3f248b') in 0.046603 seconds 
========================================================================
Received Import Request.
  Time since last request: 5.362619 seconds.
  path: Assets/Rantan/Texture/rantanTex3_Color.png
  artifactKey: Guid(2ded84a2753d1944382d2c63a972cef0) Importer(815301076,1909f56bfc062723c751e8b465ee728b)
Start importing Assets/Rantan/Texture/rantanTex3_Color.png using Guid(2ded84a2753d1944382d2c63a972cef0) Importer(815301076,1909f56bfc062723c751e8b465ee728b)  -> (artifact id: '7d84ce03949bd303a291de21a720b71a') in 0.013744 seconds 
========================================================================
Received Import Request.
  Time since last request: 10.049286 seconds.
  path: Assets/Rantan/Materials/ガラス 1.mat
  artifactKey: Guid(cb16b82097cb1c940a3318544d7f149a) Importer(815301076,1909f56bfc062723c751e8b465ee728b)
Start importing Assets/Rantan/Materials/ガラス 1.mat using Guid(cb16b82097cb1c940a3318544d7f149a) Importer(815301076,1909f56bfc062723c751e8b465ee728b)  -> (artifact id: 'f1cfe1040fb3e308500d5c87f0294a2b') in 0.046382 seconds 
========================================================================
Received Import Request.
  Time since last request: 35.063224 seconds.
  path: Assets/enemy/bat/tex/ArmBoneTex.png
  artifactKey: Guid(6eb33029fa6e5d2468b1d94dcc512a0f) Importer(815301076,1909f56bfc062723c751e8b465ee728b)
Start importing Assets/enemy/bat/tex/ArmBoneTex.png using Guid(6eb33029fa6e5d2468b1d94dcc512a0f) Importer(815301076,1909f56bfc062723c751e8b465ee728b)  -> (artifact id: 'd8aaedfb304e24dbe0e3b1003c510ab5') in 0.019460 seconds 
========================================================================
Received Import Request.
  Time since last request: 0.014201 seconds.
  path: Assets/enemy/bat/tex/bakeTest.png
  artifactKey: Guid(5924ee008a957c647a4685614ce547f9) Importer(815301076,1909f56bfc062723c751e8b465ee728b)
Start importing Assets/enemy/bat/tex/bakeTest.png using Guid(5924ee008a957c647a4685614ce547f9) Importer(815301076,1909f56bfc062723c751e8b465ee728b)  -> (artifact id: '7405c7af91f5a1ad47de213df3a6a745') in 0.021299 seconds 
========================================================================
Received Import Request.
  Time since last request: 0.000016 seconds.
  path: Assets/enemy/bat/tex/FangNormalMap.png
  artifactKey: Guid(57798c9efd6186f4c86ef30beeeaff15) Importer(815301076,1909f56bfc062723c751e8b465ee728b)
Start importing Assets/enemy/bat/tex/FangNormalMap.png using Guid(57798c9efd6186f4c86ef30beeeaff15) Importer(815301076,1909f56bfc062723c751e8b465ee728b)  -> (artifact id: '8e6fd90df0494b2e75509f83e56dc4b6') in 0.021391 seconds 
========================================================================
Received Import Request.
  Time since last request: 0.000037 seconds.
  path: Assets/enemy/bat/tex/BodyNormalMap.png
  artifactKey: Guid(732fb7b418aae604392c7283d70d4fb6) Importer(815301076,1909f56bfc062723c751e8b465ee728b)
Start importing Assets/enemy/bat/tex/BodyNormalMap.png using Guid(732fb7b418aae604392c7283d70d4fb6) Importer(815301076,1909f56bfc062723c751e8b465ee728b)  -> (artifact id: 'd2aac56002f3b3b786f78ed0310b9517') in 0.019148 seconds 
========================================================================
Received Import Request.
  Time since last request: 0.000025 seconds.
  path: Assets/doukutu/obj/BoneHead/bone.png
  artifactKey: Guid(4c1c2a6a6ebb5924fa4fcd0e0409d4cb) Importer(815301076,1909f56bfc062723c751e8b465ee728b)
Start importing Assets/doukutu/obj/BoneHead/bone.png using Guid(4c1c2a6a6ebb5924fa4fcd0e0409d4cb) Importer(815301076,1909f56bfc062723c751e8b465ee728b)  -> (artifact id: '4aadb71e60ba85b57b940be918e949f5') in 0.019347 seconds 
========================================================================
Received Import Request.
  Time since last request: 0.000019 seconds.
  path: Assets/enemy/bat/tex/FangTex.png
  artifactKey: Guid(699d1b521bbb6f8489323889377822fe) Importer(815301076,1909f56bfc062723c751e8b465ee728b)
Start importing Assets/enemy/bat/tex/FangTex.png using Guid(699d1b521bbb6f8489323889377822fe) Importer(815301076,1909f56bfc062723c751e8b465ee728b)  -> (artifact id: '27b34e339b33209d49a51b56a9188bbd') in 0.018079 seconds 
========================================================================
Received Import Request.
  Time since last request: 0.000020 seconds.
  path: Assets/doukutu/obj/Bi-ka-/bi-ka-.png
  artifactKey: Guid(0920d3e4b49e7bf47b90ec8d9fb1928f) Importer(815301076,1909f56bfc062723c751e8b465ee728b)
Start importing Assets/doukutu/obj/Bi-ka-/bi-ka-.png using Guid(0920d3e4b49e7bf47b90ec8d9fb1928f) Importer(815301076,1909f56bfc062723c751e8b465ee728b)  -> (artifact id: 'ae10c931ab45ec5f301dfb9807680391') in 0.017671 seconds 
========================================================================
Received Import Request.
  Time since last request: 0.000014 seconds.
  path: Assets/doukutu/obj/Ladder/bamboo.png
  artifactKey: Guid(765da3182ee58c144bee25ee8678c892) Importer(815301076,1909f56bfc062723c751e8b465ee728b)
Start importing Assets/doukutu/obj/Ladder/bamboo.png using Guid(765da3182ee58c144bee25ee8678c892) Importer(815301076,1909f56bfc062723c751e8b465ee728b)  -> (artifact id: '2c9e8c10c11d39ca146b01510ab26a09') in 0.017817 seconds 
========================================================================
Received Import Request.
  Time since last request: 0.523703 seconds.
  path: Assets/enemy/bat/tex/HeadBoneTex.png
  artifactKey: Guid(b2ffcdb6448fd1d4a8aeaabd137ef163) Importer(815301076,1909f56bfc062723c751e8b465ee728b)
Start importing Assets/enemy/bat/tex/HeadBoneTex.png using Guid(b2ffcdb6448fd1d4a8aeaabd137ef163) Importer(815301076,1909f56bfc062723c751e8b465ee728b)  -> (artifact id: '83ae9d5838024390a05dfd62fe2947af') in 0.018624 seconds 
========================================================================
Received Import Request.
  Time since last request: 0.000015 seconds.
  path: Assets/enemy/bat/tex/HeadTex.png
  artifactKey: Guid(5035c6b5065869248829c352100e3aea) Importer(815301076,1909f56bfc062723c751e8b465ee728b)
Start importing Assets/enemy/bat/tex/HeadTex.png using Guid(5035c6b5065869248829c352100e3aea) Importer(815301076,1909f56bfc062723c751e8b465ee728b)  -> (artifact id: 'd826c8f32b77ca7fc2ab13acbb3bd92a') in 0.015177 seconds 
========================================================================
Received Import Request.
  Time since last request: 0.341919 seconds.
  path: Assets/enemy/bat/tex/LeatherTex.png
  artifactKey: Guid(2a2cc19de8e8a3f449940352e7b24b1a) Importer(815301076,1909f56bfc062723c751e8b465ee728b)
Start importing Assets/enemy/bat/tex/LeatherTex.png using Guid(2a2cc19de8e8a3f449940352e7b24b1a) Importer(815301076,1909f56bfc062723c751e8b465ee728b)  -> (artifact id: '1041e150bae7336d9ced4110a83f3612') in 0.013328 seconds 
========================================================================
Received Import Request.
  Time since last request: 0.000046 seconds.
  path: Assets/Scenes/SampleScene/Lightmap-0_comp_dir.png
  artifactKey: Guid(36c3aa8499fd9fc43a6a991d0d90fe13) Importer(815301076,1909f56bfc062723c751e8b465ee728b)
Start importing Assets/Scenes/SampleScene/Lightmap-0_comp_dir.png using Guid(36c3aa8499fd9fc43a6a991d0d90fe13) Importer(815301076,1909f56bfc062723c751e8b465ee728b)  -> (artifact id: '05f3f292f516bb3523ba9ce10d8dd621') in 0.012754 seconds 
========================================================================
Received Import Request.
  Time since last request: 0.000014 seconds.
  path: Assets/Scenes/SampleScene/Lightmap-0_comp_light.exr
  artifactKey: Guid(2dddcf376141cf14391fbb1cadfbd652) Importer(815301076,1909f56bfc062723c751e8b465ee728b)
Start importing Assets/Scenes/SampleScene/Lightmap-0_comp_light.exr using Guid(2dddcf376141cf14391fbb1cadfbd652) Importer(815301076,1909f56bfc062723c751e8b465ee728b)  -> (artifact id: '1d6fc13453369cb049d828e2c4cfa9f0') in 0.020816 seconds 
========================================================================
Received Import Request.
  Time since last request: 0.004006 seconds.
  path: Assets/Scenes/SampleScene/Lightmap-1_comp_dir.png
  artifactKey: Guid(6ac8dfc10d3085646b82b8b752affd14) Importer(815301076,1909f56bfc062723c751e8b465ee728b)
Start importing Assets/Scenes/SampleScene/Lightmap-1_comp_dir.png using Guid(6ac8dfc10d3085646b82b8b752affd14) Importer(815301076,1909f56bfc062723c751e8b465ee728b)  -> (artifact id: '654b3010d6767b37f77096194cc46521') in 0.013177 seconds 
========================================================================
Received Import Request.
  Time since last request: 0.000062 seconds.
  path: Assets/enemy/bat/tex/LowerBodyNormalMap.png
  artifactKey: Guid(4d129549b98276f449f013b9194b8033) Importer(815301076,1909f56bfc062723c751e8b465ee728b)
Start importing Assets/enemy/bat/tex/LowerBodyNormalMap.png using Guid(4d129549b98276f449f013b9194b8033) Importer(815301076,1909f56bfc062723c751e8b465ee728b)  -> (artifact id: 'c391cf388572d80954686abbdacccc90') in 0.017264 seconds 
========================================================================
Received Import Request.
  Time since last request: 0.257165 seconds.
  path: Assets/Gizmos/NavMeshLink Icon.png
  artifactKey: Guid(92f4afa3e25264f5b964937ccea49ff2) Importer(815301076,1909f56bfc062723c751e8b465ee728b)
Start importing Assets/Gizmos/NavMeshLink Icon.png using Guid(92f4afa3e25264f5b964937ccea49ff2) Importer(815301076,1909f56bfc062723c751e8b465ee728b)  -> (artifact id: '2d359c13eb182a313ea3206be2c61180') in 0.015139 seconds 
========================================================================
Received Import Request.
  Time since last request: 0.000013 seconds.
  path: Assets/Gizmos/NavMeshSurface Icon.png
  artifactKey: Guid(e4f97225bcfb64760a1c81f460837f01) Importer(815301076,1909f56bfc062723c751e8b465ee728b)
Start importing Assets/Gizmos/NavMeshSurface Icon.png using Guid(e4f97225bcfb64760a1c81f460837f01) Importer(815301076,1909f56bfc062723c751e8b465ee728b)  -> (artifact id: '75228e6d576230c60628a0d4c2a47be1') in 0.017710 seconds 
========================================================================
Received Import Request.
  Time since last request: 0.005476 seconds.
  path: Assets/Scenes/SampleScene/ReflectionProbe-0.exr
  artifactKey: Guid(de801f40708bcc04b99388d530505e43) Importer(815301076,1909f56bfc062723c751e8b465ee728b)
Start importing Assets/Scenes/SampleScene/ReflectionProbe-0.exr using Guid(de801f40708bcc04b99388d530505e43) Importer(815301076,1909f56bfc062723c751e8b465ee728b)  -> (artifact id: '5418a75b5d1298c21268ce4e10fee956') in 0.030165 seconds 
========================================================================
Received Import Request.
  Time since last request: 35.882282 seconds.
  path: Assets/doukutu/obj/Wall/wallノーマル.png
  artifactKey: Guid(6885c4ca52ff9fc4cace15b6cb20931d) Importer(815301076,1909f56bfc062723c751e8b465ee728b)
Start importing Assets/doukutu/obj/Wall/wallノーマル.png using Guid(6885c4ca52ff9fc4cace15b6cb20931d) Importer(815301076,1909f56bfc062723c751e8b465ee728b)  -> (artifact id: 'f261e87f331d4958d6553a1bb6530a2b') in 0.019610 seconds 
Editor requested this worker to shutdown with reason: Scaling down because of idle timeout
AssetImportWorker is now disconnected from the server
Process exiting
Exiting without the bug reporter. Application will terminate with return code 0